[2025-06-16 02:02:35] [SUCCESS] Scraped 1684 valid members from investartforum (Total: 3232)
[2025-06-16 02:04:58] [INFO] User callme4rxa sudah ada dalam grup [1/1684]
[2025-06-16 02:05:03] [INFO] User PeternakLumbaLumba sudah ada dalam grup [2/1684]
[2025-06-16 02:05:09] [INFO] User rezabactiar sudah ada dalam grup [3/1684]
[2025-06-16 02:05:12] [INFO] User arxadev sudah ada dalam grup [4/1684]
[2025-06-16 02:05:15] [INFO] User Trioagusarianto sudah ada dalam grup [5/1684]
[2025-06-16 02:05:20] [INFO] User veron171 sudah ada dalam grup [6/1684]
[2025-06-16 02:05:22] [INFO] User Finafatmasari sudah ada dalam grup [7/1684]
[2025-06-16 02:05:25] [INFO] User fbzkr belum masuk grup [8/1684]
[2025-06-16 02:05:29] [INFO] User SiscaTjan sudah ada dalam grup [9/1684]
[2025-06-16 02:05:35] [INFO] User zxevsy sudah ada dalam grup [10/1684]
[2025-06-16 02:05:38] [INFO] User saktiyo belum masuk grup [11/1684]
[2025-06-16 02:05:42] [INFO] User djodjoi sudah ada dalam grup [12/1684]
[2025-06-16 02:05:46] [INFO] User Kabul141103 sudah ada dalam grup [13/1684]
[2025-06-16 02:05:51] [INFO] User Inisiapaya3 belum masuk grup [14/1684]
[2025-06-16 02:05:57] [INFO] User caricuanfb belum masuk grup [15/1684]
[2025-06-16 02:05:59] [INFO] User rdesmandra belum masuk grup [16/1684]
[2025-06-16 02:06:05] [INFO] User mastap68 belum masuk grup [17/1684]
[2025-06-16 02:06:11] [INFO] User harissugiwanto belum masuk grup [18/1684]
[2025-06-16 02:06:13] [INFO] User Galih_Tahta belum masuk grup [19/1684]
[2025-06-16 02:06:19] [INFO] User huffffdzzz belum masuk grup [20/1684]
[2025-06-16 02:06:22] [INFO] User ky4j_5 belum masuk grup [21/1684]
[2025-06-16 02:06:28] [INFO] User suryaArief belum masuk grup [22/1684]
[2025-06-16 02:06:32] [INFO] User Ibass_18 belum masuk grup [23/1684]
[2025-06-16 02:06:35] [INFO] User Rosna_Maelani belum masuk grup [24/1684]
[2025-06-16 02:06:41] [INFO] User Kopiah_haji belum masuk grup [25/1684]
[2025-06-16 02:06:43] [INFO] User Wulan0223 belum masuk grup [26/1684]
[2025-06-16 02:07:10] [INFO] User callme4rxa sudah ada dalam grup [1/1684]
[2025-06-16 02:07:10] [INFO] User PeternakLumbaLumba sudah ada dalam grup [2/1684]
[2025-06-16 02:07:10] [INFO] User rezabactiar sudah ada dalam grup [3/1684]
[2025-06-16 02:07:10] [INFO] User arxadev sudah ada dalam grup [4/1684]
[2025-06-16 02:07:10] [INFO] User Trioagusarianto sudah ada dalam grup [5/1684]
[2025-06-16 02:07:10] [INFO] User veron171 sudah ada dalam grup [6/1684]
[2025-06-16 02:07:11] [INFO] User Finafatmasari sudah ada dalam grup [7/1684]
[2025-06-16 02:07:11] [INFO] User fbzkr belum masuk grup [8/1684]
[2025-06-16 02:07:11] [INFO] User SiscaTjan sudah ada dalam grup [9/1684]
[2025-06-16 02:07:11] [INFO] User zxevsy sudah ada dalam grup [10/1684]
[2025-06-16 02:07:11] [INFO] User saktiyo belum masuk grup [11/1684]
[2025-06-16 02:07:11] [INFO] User djodjoi sudah ada dalam grup [12/1684]
[2025-06-16 02:07:11] [INFO] User Kabul141103 sudah ada dalam grup [13/1684]
[2025-06-16 02:07:11] [INFO] User Inisiapaya3 belum masuk grup [14/1684]
[2025-06-16 02:07:11] [INFO] User caricuanfb belum masuk grup [15/1684]
[2025-06-16 02:07:11] [INFO] User rdesmandra belum masuk grup [16/1684]
[2025-06-16 02:07:11] [INFO] User mastap68 belum masuk grup [17/1684]
[2025-06-16 02:07:11] [INFO] User harissugiwanto belum masuk grup [18/1684]
[2025-06-16 02:07:12] [INFO] User Galih_Tahta belum masuk grup [19/1684]
[2025-06-16 02:07:12] [INFO] User huffffdzzz belum masuk grup [20/1684]
[2025-06-16 02:07:12] [INFO] User ky4j_5 belum masuk grup [21/1684]
[2025-06-16 02:07:12] [INFO] User suryaArief belum masuk grup [22/1684]
[2025-06-16 02:07:12] [INFO] User Ibass_18 belum masuk grup [23/1684]
[2025-06-16 02:07:12] [INFO] User Rosna_Maelani belum masuk grup [24/1684]
[2025-06-16 02:07:12] [INFO] User Kopiah_haji belum masuk grup [25/1684]
[2025-06-16 02:07:12] [INFO] User Wulan0223 belum masuk grup [26/1684]
[2025-06-16 02:07:12] [INFO] User Fjrkrm belum masuk grup [27/1684]
[2025-06-16 02:07:12] [INFO] User Bobond_7 belum masuk grup [28/1684]
[2025-06-16 02:07:12] [INFO] User DjaiAtjai belum masuk grup [29/1684]
[2025-06-16 02:07:13] [INFO] User rezzaelv belum masuk grup [30/1684]
[2025-06-16 02:07:42] [INFO] User Samueldd belum masuk grup [31/1684]
[2025-06-16 02:07:42] [INFO] User victorang1 belum masuk grup [32/1684]
[2025-06-16 02:07:42] [INFO] User jjeeeeew belum masuk grup [33/1684]
[2025-06-16 02:07:42] [INFO] User HeryBoy80 belum masuk grup [34/1684]
[2025-06-16 02:07:42] [INFO] User rahmad417 belum masuk grup [35/1684]
[2025-06-16 02:07:42] [INFO] User Elloawins belum masuk grup [36/1684]
[2025-06-16 02:07:42] [INFO] User Jenny378 belum masuk grup [37/1684]
[2025-06-16 02:07:42] [INFO] User Butterscooth sudah ada dalam grup [38/1684]
[2025-06-16 02:07:43] [INFO] User adhi_tama belum masuk grup [39/1684]
[2025-06-16 02:07:43] [INFO] User Ndi070294 belum masuk grup [40/1684]
[2025-06-16 02:07:43] [INFO] User Dwinooooo belum masuk grup [41/1684]
[2025-06-16 02:07:43] [INFO] User Gudellkebo belum masuk grup [42/1684]
[2025-06-16 02:07:43] [INFO] User Johaneschris belum masuk grup [43/1684]
[2025-06-16 02:07:43] [INFO] User Tetew_Store belum masuk grup [44/1684]
[2025-06-16 02:07:43] [INFO] User helgaalfidiyonsiregar_141210202 belum masuk grup [45/1684]
[2025-06-16 02:07:43] [INFO] User erick_maranta belum masuk grup [46/1684]
[2025-06-16 02:07:43] [INFO] User fanglingbabyrooms belum masuk grup [47/1684]
[2025-06-16 02:07:43] [INFO] User hamzet19 belum masuk grup [48/1684]
[2025-06-16 02:07:44] [INFO] User penggemarkebab sudah ada dalam grup [49/1684]
[2025-06-16 02:07:44] [INFO] User amirrmirdat sudah ada dalam grup [50/1684]
[2025-06-16 02:07:44] [INFO] User setyoass belum masuk grup [51/1684]
[2025-06-16 02:07:44] [INFO] User Mundur10 belum masuk grup [52/1684]
[2025-06-16 02:07:44] [INFO] User ernaldiazhar sudah ada dalam grup [53/1684]
[2025-06-16 02:07:44] [INFO] User tradersahamcom sudah ada dalam grup [54/1684]
[2025-06-16 02:07:44] [INFO] User Joooooooooooooo0 belum masuk grup [55/1684]
[2025-06-16 02:07:44] [INFO] User zevenz07 sudah ada dalam grup [56/1684]
[2025-06-16 02:07:44] [INFO] User RikoHN belum masuk grup [57/1684]
[2025-06-16 02:07:44] [INFO] User Irhamny sudah ada dalam grup [58/1684]
[2025-06-16 02:07:44] [INFO] User aaususshsu belum masuk grup [59/1684]
[2025-06-16 02:07:45] [INFO] User chlk24 sudah ada dalam grup [60/1684]
[2025-06-16 02:08:14] [INFO] User ririn_0879 belum masuk grup [61/1684]
[2025-06-16 02:08:14] [INFO] User agsaiii belum masuk grup [62/1684]
[2025-06-16 02:08:14] [INFO] User Promisenewera belum masuk grup [63/1684]
[2025-06-16 02:08:14] [INFO] User ptrxyz07 belum masuk grup [64/1684]
[2025-06-16 02:08:14] [INFO] User Everydaylatte21 belum masuk grup [65/1684]
[2025-06-16 02:08:14] [INFO] User Marunang1501 sudah ada dalam grup [66/1684]
[2025-06-16 02:08:14] [INFO] User Chris_Ha sudah ada dalam grup [67/1684]
[2025-06-16 02:08:14] [INFO] User KAHAR083 belum masuk grup [68/1684]
[2025-06-16 02:08:14] [INFO] User parklanddd belum masuk grup [69/1684]
[2025-06-16 02:08:14] [INFO] User fifinas belum masuk grup [70/1684]
[2025-06-16 02:08:15] [INFO] User Diale_666 belum masuk grup [71/1684]
[2025-06-16 02:08:15] [INFO] User wrongghost_07 belum masuk grup [72/1684]
[2025-06-16 02:08:15] [INFO] User Kokoaksya_0G belum masuk grup [73/1684]
[2025-06-16 02:08:15] [INFO] User Erlangga1605 belum masuk grup [74/1684]
[2025-06-16 02:08:15] [INFO] User Yovieangga belum masuk grup [75/1684]
[2025-06-16 02:08:15] [INFO] User Veeny belum masuk grup [76/1684]
[2025-06-16 02:08:15] [INFO] User roylim90 sudah ada dalam grup [77/1684]
[2025-06-16 02:08:15] [INFO] User apatar26 sudah ada dalam grup [78/1684]
[2025-06-16 02:08:15] [INFO] User ekokuswanto98 belum masuk grup [79/1684]
[2025-06-16 02:08:15] [INFO] User Kenziejavas1 belum masuk grup [80/1684]
[2025-06-16 02:08:15] [INFO] User YooHannnss sudah ada dalam grup [81/1684]
[2025-06-16 02:08:15] [INFO] User tdatmaja belum masuk grup [82/1684]
[2025-06-16 02:08:16] [INFO] User PnielS belum masuk grup [83/1684]
[2025-06-16 02:08:16] [INFO] User Setiardii belum masuk grup [84/1684]
[2025-06-16 02:08:16] [INFO] User MiftakhulR belum masuk grup [85/1684]
[2025-06-16 02:08:16] [INFO] User Marcell088 belum masuk grup [86/1684]
[2025-06-16 02:08:16] [INFO] User Urbbyboysh belum masuk grup [87/1684]
[2025-06-16 02:08:16] [INFO] User Qnrich belum masuk grup [88/1684]
[2025-06-16 02:08:16] [INFO] User Josepkalit08 belum masuk grup [89/1684]
[2025-06-16 02:08:16] [INFO] User reren_w1 belum masuk grup [90/1684]
[2025-06-16 02:08:45] [INFO] User smurfgee belum masuk grup [91/1684]
[2025-06-16 02:08:45] [INFO] User Mamangbaso221 belum masuk grup [92/1684]
[2025-06-16 02:08:45] [INFO] User mazbay2025 belum masuk grup [93/1684]
[2025-06-16 02:08:45] [INFO] User asoybee belum masuk grup [94/1684]
[2025-06-16 02:08:46] [INFO] User veherawati sudah ada dalam grup [95/1684]
[2025-06-16 02:08:46] [INFO] User AnggaRiau sudah ada dalam grup [96/1684]
[2025-06-16 02:08:46] [INFO] User rdnrnr sudah ada dalam grup [97/1684]
[2025-06-16 02:08:46] [INFO] User Dyardy23 belum masuk grup [98/1684]
[2025-06-16 02:08:46] [INFO] User scalperflas888 belum masuk grup [99/1684]
[2025-06-16 02:08:46] [INFO] User Uburubur01 belum masuk grup [100/1684]
[2025-06-16 02:08:46] [INFO] User nido_pendragon sudah ada dalam grup [101/1684]
[2025-06-16 02:08:46] [INFO] User yollllaaa belum masuk grup [102/1684]
[2025-06-16 02:08:46] [INFO] User Citos12 sudah ada dalam grup [103/1684]
[2025-06-16 02:08:46] [INFO] User luthfishofi belum masuk grup [104/1684]
[2025-06-16 02:08:46] [INFO] User Sscucisss belum masuk grup [105/1684]
[2025-06-16 02:08:46] [INFO] User hrsntk belum masuk grup [106/1684]
[2025-06-16 02:08:47] [INFO] User Opet868 belum masuk grup [107/1684]
[2025-06-16 02:08:47] [INFO] User Isabela_andriani belum masuk grup [108/1684]
[2025-06-16 02:08:47] [INFO] User fransdaniel12 belum masuk grup [109/1684]
[2025-06-16 02:08:47] [INFO] User Tarjoee belum masuk grup [110/1684]
[2025-06-16 02:08:47] [INFO] User Linacinlie888 belum masuk grup [111/1684]
[2025-06-16 02:08:47] [INFO] User Santai_ae belum masuk grup [112/1684]
[2025-06-16 02:08:47] [INFO] User Renie_suhae belum masuk grup [113/1684]
[2025-06-16 02:08:47] [INFO] User Yeeserah belum masuk grup [114/1684]
[2025-06-16 02:08:47] [INFO] User Ahauhab belum masuk grup [115/1684]
[2025-06-16 02:08:47] [INFO] User Fii1111111 belum masuk grup [116/1684]
[2025-06-16 02:08:47] [INFO] User len7626 belum masuk grup [117/1684]
[2025-06-16 02:08:47] [INFO] User haidapro sudah ada dalam grup [118/1684]
[2025-06-16 02:08:47] [INFO] User hemajon belum masuk grup [119/1684]
[2025-06-16 02:08:48] [INFO] User Ihsan246 sudah ada dalam grup [120/1684]
[2025-06-16 02:09:17] [INFO] User saafluffy sudah ada dalam grup [121/1684]
[2025-06-16 02:09:17] [INFO] User Jeka0915 belum masuk grup [122/1684]
[2025-06-16 02:09:17] [INFO] User Risal_Ma belum masuk grup [123/1684]
[2025-06-16 02:09:17] [INFO] User Me_ry belum masuk grup [124/1684]
[2025-06-16 02:09:17] [INFO] User RandiHa12 belum masuk grup [125/1684]
[2025-06-16 02:09:17] [INFO] User Hafizharya belum masuk grup [126/1684]
[2025-06-16 02:09:17] [INFO] User sllzx belum masuk grup [127/1684]
[2025-06-16 02:09:17] [INFO] User Arif_silal belum masuk grup [128/1684]
[2025-06-16 02:09:17] [INFO] User Anggaboy01 belum masuk grup [129/1684]
[2025-06-16 02:09:17] [INFO] User siorangdaIam belum masuk grup [130/1684]
[2025-06-16 02:09:18] [INFO] User prince_of_sky belum masuk grup [131/1684]
[2025-06-16 02:09:18] [INFO] User MariaFrans75 belum masuk grup [132/1684]
[2025-06-16 02:09:18] [INFO] User Bangjo666 sudah ada dalam grup [133/1684]
[2025-06-16 02:09:18] [INFO] User wholesometrex belum masuk grup [134/1684]
[2025-06-16 02:09:18] [INFO] User shintaaswin sudah ada dalam grup [135/1684]
[2025-06-16 02:09:18] [INFO] User Elenhariani sudah ada dalam grup [136/1684]
[2025-06-16 02:09:18] [INFO] User Nia_81 belum masuk grup [137/1684]
[2025-06-16 02:09:18] [INFO] User Harrsl belum masuk grup [138/1684]
[2025-06-16 02:09:18] [INFO] User koptetelukgong belum masuk grup [139/1684]
[2025-06-16 02:09:19] [INFO] User acmdspyn23 belum masuk grup [140/1684]
[2025-06-16 02:09:19] [INFO] User Bongskuy sudah ada dalam grup [141/1684]
[2025-06-16 02:09:19] [INFO] User zoelfadli sudah ada dalam grup [142/1684]
[2025-06-16 02:09:19] [INFO] User Nayrrrrrrrr sudah ada dalam grup [143/1684]
[2025-06-16 02:09:19] [INFO] User MasAGB belum masuk grup [144/1684]
[2025-06-16 02:09:19] [INFO] User Adty14 sudah ada dalam grup [145/1684]
[2025-06-16 02:09:19] [INFO] User dimasapriliya belum masuk grup [146/1684]
[2025-06-16 02:09:19] [INFO] User St_zulaikha sudah ada dalam grup [147/1684]
[2025-06-16 02:09:19] [INFO] User Pppppaiueo belum masuk grup [148/1684]
[2025-06-16 02:09:19] [INFO] User xrpjuan belum masuk grup [149/1684]
[2025-06-16 02:09:19] [INFO] User dinaiaa belum masuk grup [150/1684]
[2025-06-16 02:11:32] [INFO] User callme4rxa sudah ada dalam grup [1/1684]
[2025-06-16 02:11:38] [INFO] User PeternakLumbaLumba sudah ada dalam grup [2/1684]
[2025-06-16 02:11:41] [INFO] User rezabactiar sudah ada dalam grup [3/1684]
[2025-06-16 02:11:47] [INFO] User arxadev sudah ada dalam grup [4/1684]
[2025-06-16 02:11:52] [INFO] User Trioagusarianto sudah ada dalam grup [5/1684]
[2025-06-16 02:12:42] [INFO] User callme4rxa sudah ada dalam grup [1/1684]
[2025-06-16 02:12:42] [INFO] User PeternakLumbaLumba sudah ada dalam grup [2/1684]
[2025-06-16 02:12:43] [INFO] User rezabactiar sudah ada dalam grup [3/1684]
[2025-06-16 02:12:43] [INFO] User arxadev sudah ada dalam grup [4/1684]
[2025-06-16 02:12:43] [INFO] User Trioagusarianto sudah ada dalam grup [5/1684]
[2025-06-16 02:12:43] [INFO] User veron171 sudah ada dalam grup [6/1684]
[2025-06-16 02:12:43] [INFO] User Finafatmasari sudah ada dalam grup [7/1684]
[2025-06-16 02:12:43] [INFO] User fbzkr belum masuk grup [8/1684]
[2025-06-16 02:12:43] [INFO] User SiscaTjan sudah ada dalam grup [9/1684]
[2025-06-16 02:12:43] [INFO] User zxevsy sudah ada dalam grup [10/1684]
[2025-06-16 02:12:43] [INFO] User saktiyo belum masuk grup [11/1684]
[2025-06-16 02:12:43] [INFO] User djodjoi sudah ada dalam grup [12/1684]
[2025-06-16 02:12:43] [INFO] User Kabul141103 sudah ada dalam grup [13/1684]
[2025-06-16 02:12:43] [INFO] User Inisiapaya3 belum masuk grup [14/1684]
[2025-06-16 02:12:43] [INFO] User caricuanfb belum masuk grup [15/1684]
[2025-06-16 02:12:44] [INFO] User rdesmandra belum masuk grup [16/1684]
[2025-06-16 02:12:44] [INFO] User mastap68 belum masuk grup [17/1684]
[2025-06-16 02:12:44] [INFO] User harissugiwanto belum masuk grup [18/1684]
[2025-06-16 02:12:44] [INFO] User Galih_Tahta belum masuk grup [19/1684]
[2025-06-16 02:12:44] [INFO] User huffffdzzz belum masuk grup [20/1684]
[2025-06-16 02:12:44] [INFO] User ky4j_5 belum masuk grup [21/1684]
[2025-06-16 02:12:44] [INFO] User suryaArief belum masuk grup [22/1684]
[2025-06-16 02:12:44] [INFO] User Ibass_18 belum masuk grup [23/1684]
[2025-06-16 02:12:44] [INFO] User Rosna_Maelani belum masuk grup [24/1684]
[2025-06-16 02:12:44] [INFO] User Kopiah_haji belum masuk grup [25/1684]
[2025-06-16 02:12:44] [INFO] User Wulan0223 belum masuk grup [26/1684]
[2025-06-16 02:12:44] [INFO] User Fjrkrm belum masuk grup [27/1684]
[2025-06-16 02:12:44] [INFO] User Bobond_7 belum masuk grup [28/1684]
[2025-06-16 02:12:45] [INFO] User DjaiAtjai belum masuk grup [29/1684]
[2025-06-16 02:12:45] [INFO] User rezzaelv belum masuk grup [30/1684]
[2025-06-16 02:13:15] [INFO] User callme4rxa sudah ada dalam grup [1/1684]
[2025-06-16 02:13:15] [INFO] User PeternakLumbaLumba sudah ada dalam grup [2/1684]
[2025-06-16 02:13:15] [INFO] User rezabactiar sudah ada dalam grup [3/1684]
[2025-06-16 02:13:15] [INFO] User arxadev sudah ada dalam grup [4/1684]
[2025-06-16 02:13:16] [INFO] User Trioagusarianto sudah ada dalam grup [5/1684]
[2025-06-16 02:13:16] [INFO] User veron171 sudah ada dalam grup [6/1684]
[2025-06-16 02:13:16] [INFO] User Finafatmasari sudah ada dalam grup [7/1684]
[2025-06-16 02:13:16] [INFO] User fbzkr belum masuk grup [8/1684]
[2025-06-16 02:13:16] [INFO] User SiscaTjan sudah ada dalam grup [9/1684]
[2025-06-16 02:13:16] [INFO] User zxevsy sudah ada dalam grup [10/1684]
[2025-06-16 02:13:16] [INFO] User saktiyo belum masuk grup [11/1684]
[2025-06-16 02:13:16] [INFO] User djodjoi sudah ada dalam grup [12/1684]
[2025-06-16 02:13:16] [INFO] User Kabul141103 sudah ada dalam grup [13/1684]
[2025-06-16 02:13:16] [INFO] User Inisiapaya3 belum masuk grup [14/1684]
[2025-06-16 02:13:16] [INFO] User caricuanfb belum masuk grup [15/1684]
[2025-06-16 02:13:16] [INFO] User rdesmandra belum masuk grup [16/1684]
[2025-06-16 02:13:17] [INFO] User mastap68 belum masuk grup [17/1684]
[2025-06-16 02:13:17] [INFO] User harissugiwanto belum masuk grup [18/1684]
[2025-06-16 02:13:17] [INFO] User Galih_Tahta belum masuk grup [19/1684]
[2025-06-16 02:13:17] [INFO] User huffffdzzz belum masuk grup [20/1684]
[2025-06-16 02:13:17] [INFO] User ky4j_5 belum masuk grup [21/1684]
[2025-06-16 02:13:17] [INFO] User suryaArief belum masuk grup [22/1684]
[2025-06-16 02:13:17] [INFO] User Ibass_18 belum masuk grup [23/1684]
[2025-06-16 02:13:17] [INFO] User Rosna_Maelani belum masuk grup [24/1684]
[2025-06-16 02:13:17] [INFO] User Kopiah_haji belum masuk grup [25/1684]
[2025-06-16 02:13:17] [INFO] User Wulan0223 belum masuk grup [26/1684]
[2025-06-16 02:13:17] [INFO] User Fjrkrm belum masuk grup [27/1684]
[2025-06-16 02:13:17] [INFO] User Bobond_7 belum masuk grup [28/1684]
[2025-06-16 02:13:18] [INFO] User DjaiAtjai belum masuk grup [29/1684]
[2025-06-16 02:13:18] [INFO] User rezzaelv belum masuk grup [30/1684]
[2025-06-16 02:13:46] [INFO] User Samueldd belum masuk grup [31/1684]
[2025-06-16 02:13:46] [INFO] User victorang1 belum masuk grup [32/1684]
[2025-06-16 02:13:46] [INFO] User jjeeeeew belum masuk grup [33/1684]
[2025-06-16 02:13:47] [INFO] User HeryBoy80 belum masuk grup [34/1684]
[2025-06-16 02:13:47] [INFO] User rahmad417 belum masuk grup [35/1684]
[2025-06-16 02:13:47] [INFO] User Elloawins belum masuk grup [36/1684]
[2025-06-16 02:13:47] [INFO] User Jenny378 belum masuk grup [37/1684]
[2025-06-16 02:13:47] [INFO] User Butterscooth sudah ada dalam grup [38/1684]
[2025-06-16 02:13:47] [INFO] User adhi_tama belum masuk grup [39/1684]
[2025-06-16 02:13:47] [INFO] User Ndi070294 belum masuk grup [40/1684]
[2025-06-16 02:13:47] [INFO] User Dwinooooo belum masuk grup [41/1684]
[2025-06-16 02:13:47] [INFO] User Gudellkebo belum masuk grup [42/1684]
[2025-06-16 02:13:47] [INFO] User Johaneschris belum masuk grup [43/1684]
[2025-06-16 02:13:47] [INFO] User Tetew_Store belum masuk grup [44/1684]
[2025-06-16 02:13:47] [INFO] User helgaalfidiyonsiregar_141210202 belum masuk grup [45/1684]
[2025-06-16 02:13:47] [INFO] User erick_maranta belum masuk grup [46/1684]
[2025-06-16 02:13:48] [INFO] User fanglingbabyrooms belum masuk grup [47/1684]
[2025-06-16 02:13:48] [INFO] User hamzet19 belum masuk grup [48/1684]
[2025-06-16 02:13:48] [INFO] User penggemarkebab sudah ada dalam grup [49/1684]
[2025-06-16 02:13:48] [INFO] User amirrmirdat sudah ada dalam grup [50/1684]
[2025-06-16 02:13:48] [INFO] User setyoass belum masuk grup [51/1684]
[2025-06-16 02:13:48] [INFO] User Mundur10 belum masuk grup [52/1684]
[2025-06-16 02:13:48] [INFO] User ernaldiazhar sudah ada dalam grup [53/1684]
[2025-06-16 02:13:48] [INFO] User tradersahamcom sudah ada dalam grup [54/1684]
[2025-06-16 02:13:48] [INFO] User Joooooooooooooo0 belum masuk grup [55/1684]
[2025-06-16 02:13:48] [INFO] User zevenz07 sudah ada dalam grup [56/1684]
[2025-06-16 02:13:48] [INFO] User RikoHN belum masuk grup [57/1684]
[2025-06-16 02:13:49] [INFO] User Irhamny sudah ada dalam grup [58/1684]
[2025-06-16 02:13:49] [INFO] User aaususshsu belum masuk grup [59/1684]
[2025-06-16 02:13:49] [INFO] User chlk24 sudah ada dalam grup [60/1684]
[2025-06-16 02:14:17] [INFO] User ririn_0879 belum masuk grup [61/1684]
[2025-06-16 02:14:17] [INFO] User agsaiii belum masuk grup [62/1684]
[2025-06-16 02:14:17] [INFO] User Promisenewera belum masuk grup [63/1684]
[2025-06-16 02:14:18] [INFO] User ptrxyz07 belum masuk grup [64/1684]
[2025-06-16 02:14:18] [INFO] User Everydaylatte21 belum masuk grup [65/1684]
[2025-06-16 02:14:18] [INFO] User Marunang1501 sudah ada dalam grup [66/1684]
[2025-06-16 02:14:18] [INFO] User Chris_Ha sudah ada dalam grup [67/1684]
[2025-06-16 02:14:18] [INFO] User KAHAR083 belum masuk grup [68/1684]
[2025-06-16 02:14:18] [INFO] User parklanddd belum masuk grup [69/1684]
[2025-06-16 02:14:18] [INFO] User fifinas belum masuk grup [70/1684]
[2025-06-16 02:14:18] [INFO] User Diale_666 belum masuk grup [71/1684]
[2025-06-16 02:14:18] [INFO] User wrongghost_07 belum masuk grup [72/1684]
[2025-06-16 02:14:18] [INFO] User Kokoaksya_0G belum masuk grup [73/1684]
[2025-06-16 02:14:18] [INFO] User Erlangga1605 belum masuk grup [74/1684]
[2025-06-16 02:14:19] [INFO] User Yovieangga belum masuk grup [75/1684]
[2025-06-16 02:14:19] [INFO] User Veeny belum masuk grup [76/1684]
[2025-06-16 02:14:19] [INFO] User roylim90 sudah ada dalam grup [77/1684]
[2025-06-16 02:14:19] [INFO] User apatar26 sudah ada dalam grup [78/1684]
[2025-06-16 02:14:19] [INFO] User ekokuswanto98 belum masuk grup [79/1684]
[2025-06-16 02:14:19] [INFO] User Kenziejavas1 belum masuk grup [80/1684]
[2025-06-16 02:14:19] [INFO] User YooHannnss sudah ada dalam grup [81/1684]
[2025-06-16 02:14:19] [INFO] User tdatmaja belum masuk grup [82/1684]
[2025-06-16 02:14:19] [INFO] User PnielS belum masuk grup [83/1684]
[2025-06-16 02:14:19] [INFO] User Setiardii belum masuk grup [84/1684]
[2025-06-16 02:14:19] [INFO] User MiftakhulR belum masuk grup [85/1684]
[2025-06-16 02:14:19] [INFO] User Marcell088 belum masuk grup [86/1684]
[2025-06-16 02:14:19] [INFO] User Urbbyboysh belum masuk grup [87/1684]
[2025-06-16 02:14:20] [INFO] User Qnrich belum masuk grup [88/1684]
[2025-06-16 02:14:20] [INFO] User Josepkalit08 belum masuk grup [89/1684]
[2025-06-16 02:14:20] [INFO] User reren_w1 belum masuk grup [90/1684]
[2025-06-16 02:14:48] [INFO] User smurfgee belum masuk grup [91/1684]
[2025-06-16 02:14:48] [INFO] User Mamangbaso221 belum masuk grup [92/1684]
[2025-06-16 02:14:48] [INFO] User mazbay2025 belum masuk grup [93/1684]
[2025-06-16 02:14:48] [INFO] User asoybee belum masuk grup [94/1684]
[2025-06-16 02:14:48] [INFO] User veherawati sudah ada dalam grup [95/1684]
[2025-06-16 02:14:49] [INFO] User AnggaRiau sudah ada dalam grup [96/1684]
[2025-06-16 02:14:49] [INFO] User rdnrnr sudah ada dalam grup [97/1684]
[2025-06-16 02:14:49] [INFO] User Dyardy23 belum masuk grup [98/1684]
[2025-06-16 02:14:49] [INFO] User scalperflas888 belum masuk grup [99/1684]
[2025-06-16 02:14:49] [INFO] User Uburubur01 belum masuk grup [100/1684]
[2025-06-16 02:14:49] [INFO] User nido_pendragon sudah ada dalam grup [101/1684]
[2025-06-16 02:14:49] [INFO] User yollllaaa belum masuk grup [102/1684]
[2025-06-16 02:14:49] [INFO] User Citos12 sudah ada dalam grup [103/1684]
[2025-06-16 02:14:49] [INFO] User luthfishofi belum masuk grup [104/1684]
[2025-06-16 02:14:49] [INFO] User Sscucisss belum masuk grup [105/1684]
[2025-06-16 02:14:49] [INFO] User hrsntk belum masuk grup [106/1684]
[2025-06-16 02:14:49] [INFO] User Opet868 belum masuk grup [107/1684]
[2025-06-16 02:14:50] [INFO] User Isabela_andriani belum masuk grup [108/1684]
[2025-06-16 02:14:50] [INFO] User fransdaniel12 belum masuk grup [109/1684]
[2025-06-16 02:14:50] [INFO] User Tarjoee belum masuk grup [110/1684]
[2025-06-16 02:14:50] [INFO] User Linacinlie888 belum masuk grup [111/1684]
[2025-06-16 02:14:50] [INFO] User Santai_ae belum masuk grup [112/1684]
[2025-06-16 02:14:50] [INFO] User Renie_suhae belum masuk grup [113/1684]
[2025-06-16 02:14:50] [INFO] User Yeeserah belum masuk grup [114/1684]
[2025-06-16 02:14:50] [INFO] User Ahauhab belum masuk grup [115/1684]
[2025-06-16 02:14:50] [INFO] User Fii1111111 belum masuk grup [116/1684]
[2025-06-16 02:14:50] [INFO] User len7626 belum masuk grup [117/1684]
[2025-06-16 02:14:50] [INFO] User haidapro sudah ada dalam grup [118/1684]
[2025-06-16 02:14:50] [INFO] User hemajon belum masuk grup [119/1684]
[2025-06-16 02:14:51] [INFO] User Ihsan246 sudah ada dalam grup [120/1684]
[2025-06-16 02:15:19] [INFO] User saafluffy sudah ada dalam grup [121/1684]
[2025-06-16 02:15:19] [INFO] User Jeka0915 belum masuk grup [122/1684]
[2025-06-16 02:15:19] [INFO] User Risal_Ma belum masuk grup [123/1684]
[2025-06-16 02:15:19] [INFO] User Me_ry belum masuk grup [124/1684]
[2025-06-16 02:15:19] [INFO] User RandiHa12 belum masuk grup [125/1684]
[2025-06-16 02:15:20] [INFO] User Hafizharya belum masuk grup [126/1684]
[2025-06-16 02:15:20] [INFO] User sllzx belum masuk grup [127/1684]
[2025-06-16 02:15:20] [INFO] User Arif_silal belum masuk grup [128/1684]
[2025-06-16 02:15:20] [INFO] User Anggaboy01 belum masuk grup [129/1684]
[2025-06-16 02:15:20] [INFO] User siorangdaIam belum masuk grup [130/1684]
[2025-06-16 02:15:20] [INFO] User prince_of_sky belum masuk grup [131/1684]
[2025-06-16 02:15:20] [INFO] User MariaFrans75 belum masuk grup [132/1684]
[2025-06-16 02:15:20] [INFO] User Bangjo666 sudah ada dalam grup [133/1684]
[2025-06-16 02:15:20] [INFO] User wholesometrex belum masuk grup [134/1684]
[2025-06-16 02:15:20] [INFO] User shintaaswin sudah ada dalam grup [135/1684]
[2025-06-16 02:15:20] [INFO] User Elenhariani sudah ada dalam grup [136/1684]
[2025-06-16 02:15:20] [INFO] User Nia_81 belum masuk grup [137/1684]
[2025-06-16 02:15:21] [INFO] User Harrsl belum masuk grup [138/1684]
[2025-06-16 02:15:21] [INFO] User koptetelukgong belum masuk grup [139/1684]
[2025-06-16 02:15:21] [INFO] User acmdspyn23 belum masuk grup [140/1684]
[2025-06-16 02:15:21] [INFO] User Bongskuy sudah ada dalam grup [141/1684]
[2025-06-16 02:15:21] [INFO] User zoelfadli sudah ada dalam grup [142/1684]
[2025-06-16 02:15:21] [INFO] User Nayrrrrrrrr sudah ada dalam grup [143/1684]
[2025-06-16 02:15:21] [INFO] User MasAGB belum masuk grup [144/1684]
[2025-06-16 02:15:21] [INFO] User Adty14 sudah ada dalam grup [145/1684]
[2025-06-16 02:15:21] [INFO] User dimasapriliya belum masuk grup [146/1684]
[2025-06-16 02:15:21] [INFO] User St_zulaikha sudah ada dalam grup [147/1684]
[2025-06-16 02:15:21] [INFO] User Pppppaiueo belum masuk grup [148/1684]
[2025-06-16 02:15:21] [INFO] User xrpjuan belum masuk grup [149/1684]
[2025-06-16 02:15:22] [INFO] User dinaiaa belum masuk grup [150/1684]
[2025-06-16 02:18:34] [INFO] User callme4rxa in group [1/1684]
[2025-06-16 02:18:34] [INFO] User PeternakLumbaLumba in group [2/1684]
[2025-06-16 02:18:34] [INFO] User rezabactiar in group [3/1684]
[2025-06-16 02:18:34] [INFO] User arxadev in group [4/1684]
[2025-06-16 02:18:34] [INFO] User Trioagusarianto in group [5/1684]
[2025-06-16 02:18:34] [INFO] User veron171 in group [6/1684]
[2025-06-16 02:18:35] [INFO] User Finafatmasari in group [7/1684]
[2025-06-16 02:18:35] [INFO] User fbzkr not in group [8/1684]
[2025-06-16 02:18:35] [INFO] User SiscaTjan in group [9/1684]
[2025-06-16 02:18:35] [INFO] User zxevsy in group [10/1684]
[2025-06-16 02:18:36] [INFO] User saktiyo not in group [11/1684]
[2025-06-16 02:18:36] [INFO] User djodjoi in group [12/1684]
[2025-06-16 02:18:36] [INFO] User Kabul141103 in group [13/1684]
[2025-06-16 02:18:36] [INFO] User Inisiapaya3 not in group [14/1684]
[2025-06-16 02:18:36] [INFO] User caricuanfb not in group [15/1684]
[2025-06-16 02:18:36] [INFO] User rdesmandra not in group [16/1684]
[2025-06-16 02:18:36] [INFO] User mastap68 not in group [17/1684]
[2025-06-16 02:18:37] [INFO] User harissugiwanto not in group [18/1684]
[2025-06-16 02:18:37] [INFO] User Galih_Tahta not in group [19/1684]
[2025-06-16 02:18:37] [INFO] User huffffdzzz not in group [20/1684]
[2025-06-16 02:18:38] [INFO] User ky4j_5 not in group [21/1684]
[2025-06-16 02:18:38] [INFO] User suryaArief not in group [22/1684]
[2025-06-16 02:18:38] [INFO] User Ibass_18 not in group [23/1684]
[2025-06-16 02:18:38] [INFO] User Rosna_Maelani not in group [24/1684]
[2025-06-16 02:18:38] [INFO] User Kopiah_haji not in group [25/1684]
[2025-06-16 02:18:39] [INFO] User Wulan0223 not in group [26/1684]
[2025-06-16 02:18:39] [INFO] User Fjrkrm not in group [27/1684]
[2025-06-16 02:18:39] [INFO] User Bobond_7 not in group [28/1684]
[2025-06-16 02:18:39] [INFO] User DjaiAtjai not in group [29/1684]
[2025-06-16 02:18:39] [INFO] User rezzaelv not in group [30/1684]
[2025-06-16 02:19:05] [INFO] User Samueldd not in group [31/1684]
[2025-06-16 02:19:05] [INFO] User victorang1 not in group [32/1684]
[2025-06-16 02:19:05] [INFO] User jjeeeeew not in group [33/1684]
[2025-06-16 02:19:05] [INFO] User HeryBoy80 not in group [34/1684]
[2025-06-16 02:19:05] [INFO] User rahmad417 not in group [35/1684]
[2025-06-16 02:19:06] [INFO] User Elloawins not in group [36/1684]
[2025-06-16 02:19:06] [INFO] User Jenny378 not in group [37/1684]
[2025-06-16 02:19:06] [INFO] User Butterscooth in group [38/1684]
[2025-06-16 02:19:06] [INFO] User adhi_tama not in group [39/1684]
[2025-06-16 02:19:06] [INFO] User Ndi070294 not in group [40/1684]
[2025-06-16 02:19:07] [INFO] User Dwinooooo not in group [41/1684]
[2025-06-16 02:19:07] [INFO] User Gudellkebo not in group [42/1684]
[2025-06-16 02:19:07] [INFO] User Johaneschris not in group [43/1684]
[2025-06-16 02:19:07] [INFO] User Tetew_Store not in group [44/1684]
[2025-06-16 02:19:07] [INFO] User helgaalfidiyonsiregar_141210202 not in group [45/1684]
[2025-06-16 02:19:07] [INFO] User erick_maranta not in group [46/1684]
[2025-06-16 02:19:08] [INFO] User fanglingbabyrooms not in group [47/1684]
[2025-06-16 02:19:08] [INFO] User hamzet19 not in group [48/1684]
[2025-06-16 02:19:08] [INFO] User penggemarkebab in group [49/1684]
[2025-06-16 02:19:08] [INFO] User amirrmirdat in group [50/1684]
[2025-06-16 02:19:09] [INFO] User setyoass not in group [51/1684]
[2025-06-16 02:19:09] [INFO] User Mundur10 not in group [52/1684]
[2025-06-16 02:19:09] [INFO] User ernaldiazhar in group [53/1684]
[2025-06-16 02:19:09] [INFO] User tradersahamcom in group [54/1684]
[2025-06-16 02:19:09] [INFO] User Joooooooooooooo0 not in group [55/1684]
[2025-06-16 02:19:09] [INFO] User zevenz07 in group [56/1684]
[2025-06-16 02:19:09] [INFO] User RikoHN not in group [57/1684]
[2025-06-16 02:19:10] [INFO] User Irhamny in group [58/1684]
[2025-06-16 02:19:10] [INFO] User aaususshsu not in group [59/1684]
[2025-06-16 02:19:10] [INFO] User chlk24 in group [60/1684]
[2025-06-16 02:19:36] [INFO] User ririn_0879 not in group [61/1684]
[2025-06-16 02:19:36] [INFO] User agsaiii not in group [62/1684]
[2025-06-16 02:19:36] [INFO] User Promisenewera not in group [63/1684]
[2025-06-16 02:19:36] [INFO] User ptrxyz07 not in group [64/1684]
[2025-06-16 02:19:36] [INFO] User Everydaylatte21 not in group [65/1684]
[2025-06-16 02:19:36] [INFO] User Marunang1501 in group [66/1684]
[2025-06-16 02:19:36] [INFO] User Chris_Ha in group [67/1684]
[2025-06-16 02:19:36] [INFO] User KAHAR083 not in group [68/1684]
[2025-06-16 02:19:37] [INFO] User parklanddd not in group [69/1684]
[2025-06-16 02:19:37] [INFO] User fifinas not in group [70/1684]
[2025-06-16 02:19:38] [INFO] User Diale_666 not in group [71/1684]
[2025-06-16 02:19:38] [INFO] User wrongghost_07 not in group [72/1684]
[2025-06-16 02:19:38] [INFO] User Kokoaksya_0G not in group [73/1684]
[2025-06-16 02:19:38] [INFO] User Erlangga1605 not in group [74/1684]
[2025-06-16 02:19:38] [INFO] User Yovieangga not in group [75/1684]
[2025-06-16 02:19:38] [INFO] User Veeny not in group [76/1684]
[2025-06-16 02:19:38] [INFO] User roylim90 in group [77/1684]
[2025-06-16 02:19:38] [INFO] User apatar26 in group [78/1684]
[2025-06-16 02:19:39] [INFO] User ekokuswanto98 not in group [79/1684]
[2025-06-16 02:19:39] [INFO] User Kenziejavas1 not in group [80/1684]
[2025-06-16 02:19:40] [INFO] User YooHannnss in group [81/1684]
[2025-06-16 02:19:40] [INFO] User tdatmaja not in group [82/1684]
[2025-06-16 02:19:40] [INFO] User PnielS not in group [83/1684]
[2025-06-16 02:19:40] [INFO] User Setiardii not in group [84/1684]
[2025-06-16 02:19:40] [INFO] User MiftakhulR not in group [85/1684]
[2025-06-16 02:19:40] [INFO] User Marcell088 not in group [86/1684]
[2025-06-16 02:19:40] [INFO] User Urbbyboysh not in group [87/1684]
[2025-06-16 02:19:40] [INFO] User Qnrich not in group [88/1684]
[2025-06-16 02:19:40] [INFO] User Josepkalit08 not in group [89/1684]
[2025-06-16 02:19:41] [INFO] User reren_w1 not in group [90/1684]
[2025-06-16 02:20:07] [INFO] User smurfgee not in group [91/1684]
[2025-06-16 02:20:07] [INFO] User Mamangbaso221 not in group [92/1684]
[2025-06-16 02:20:07] [INFO] User mazbay2025 not in group [93/1684]
[2025-06-16 02:20:08] [INFO] User asoybee not in group [94/1684]
[2025-06-16 02:20:08] [INFO] User veherawati in group [95/1684]
[2025-06-16 02:20:08] [INFO] User AnggaRiau in group [96/1684]
[2025-06-16 02:20:08] [INFO] User rdnrnr in group [97/1684]
[2025-06-16 02:20:09] [INFO] User Dyardy23 not in group [98/1684]
[2025-06-16 02:20:09] [INFO] User scalperflas888 not in group [99/1684]
[2025-06-16 02:20:09] [INFO] User Uburubur01 not in group [100/1684]
[2025-06-16 02:20:11] [INFO] User nido_pendragon in group [101/1684]
[2025-06-16 02:20:11] [INFO] User yollllaaa not in group [102/1684]
[2025-06-16 02:20:11] [INFO] User Citos12 in group [103/1684]
[2025-06-16 02:20:12] [INFO] User luthfishofi not in group [104/1684]
[2025-06-16 02:20:12] [INFO] User Sscucisss not in group [105/1684]
[2025-06-16 02:20:12] [INFO] User hrsntk not in group [106/1684]
[2025-06-16 02:20:12] [INFO] User Opet868 not in group [107/1684]
[2025-06-16 02:20:13] [INFO] User Isabela_andriani not in group [108/1684]
[2025-06-16 02:20:13] [INFO] User fransdaniel12 not in group [109/1684]
[2025-06-16 02:20:13] [INFO] User Tarjoee not in group [110/1684]
[2025-06-16 02:20:14] [INFO] User Linacinlie888 not in group [111/1684]
[2025-06-16 02:20:15] [INFO] User Santai_ae not in group [112/1684]
[2025-06-16 02:20:15] [INFO] User Renie_suhae not in group [113/1684]
[2025-06-16 02:20:15] [INFO] User Yeeserah not in group [114/1684]
[2025-06-16 02:20:16] [INFO] User Ahauhab not in group [115/1684]
[2025-06-16 02:20:16] [INFO] User Fii1111111 not in group [116/1684]
[2025-06-16 02:20:17] [INFO] User len7626 not in group [117/1684]
[2025-06-16 02:20:17] [INFO] User haidapro in group [118/1684]
[2025-06-16 02:20:17] [INFO] User hemajon not in group [119/1684]
[2025-06-16 02:20:18] [INFO] User Ihsan246 in group [120/1684]
[2025-06-16 02:20:38] [INFO] User callme4rxa in group [1/1684]
[2025-06-16 02:20:38] [INFO] User PeternakLumbaLumba in group [2/1684]
[2025-06-16 02:20:39] [INFO] User rezabactiar in group [3/1684]
[2025-06-16 02:20:39] [INFO] User arxadev in group [4/1684]
[2025-06-16 02:20:39] [INFO] User Trioagusarianto in group [5/1684]
[2025-06-16 02:20:39] [INFO] User veron171 in group [6/1684]
[2025-06-16 02:20:40] [INFO] User Finafatmasari in group [7/1684]
[2025-06-16 02:20:40] [INFO] User fbzkr not in group [8/1684]
[2025-06-16 02:20:40] [INFO] User SiscaTjan in group [9/1684]
[2025-06-16 02:20:40] [INFO] User zxevsy in group [10/1684]
[2025-06-16 02:20:41] [INFO] User saktiyo not in group [11/1684]
[2025-06-16 02:20:41] [INFO] User djodjoi in group [12/1684]
[2025-06-16 02:20:41] [INFO] User Kabul141103 in group [13/1684]
[2025-06-16 02:20:42] [INFO] User Inisiapaya3 not in group [14/1684]
[2025-06-16 02:20:42] [INFO] User caricuanfb not in group [15/1684]
[2025-06-16 02:20:42] [INFO] User rdesmandra not in group [16/1684]
[2025-06-16 02:20:43] [INFO] User mastap68 not in group [17/1684]
[2025-06-16 02:20:43] [INFO] User harissugiwanto not in group [18/1684]
[2025-06-16 02:20:43] [INFO] User Galih_Tahta not in group [19/1684]
[2025-06-16 02:20:43] [INFO] User huffffdzzz not in group [20/1684]
[2025-06-16 02:20:44] [INFO] User ky4j_5 not in group [21/1684]
[2025-06-16 02:20:44] [INFO] User suryaArief not in group [22/1684]
[2025-06-16 02:20:44] [INFO] User Ibass_18 not in group [23/1684]
[2025-06-16 02:20:45] [INFO] User Rosna_Maelani not in group [24/1684]
[2025-06-16 02:20:45] [INFO] User Kopiah_haji not in group [25/1684]
[2025-06-16 02:20:45] [INFO] User Wulan0223 not in group [26/1684]
[2025-06-16 02:20:45] [INFO] User Fjrkrm not in group [27/1684]
[2025-06-16 02:20:46] [INFO] User Bobond_7 not in group [28/1684]
[2025-06-16 02:20:46] [INFO] User DjaiAtjai not in group [29/1684]
[2025-06-16 02:20:46] [INFO] User rezzaelv not in group [30/1684]
[2025-06-16 02:21:10] [INFO] User Samueldd not in group [31/1684]
[2025-06-16 02:21:10] [INFO] User victorang1 not in group [32/1684]
[2025-06-16 02:21:11] [INFO] User jjeeeeew not in group [33/1684]
[2025-06-16 02:21:11] [INFO] User HeryBoy80 not in group [34/1684]
[2025-06-16 02:21:11] [INFO] User rahmad417 not in group [35/1684]
[2025-06-16 02:21:11] [INFO] User Elloawins not in group [36/1684]
[2025-06-16 02:21:12] [INFO] User Jenny378 not in group [37/1684]
[2025-06-16 02:21:12] [INFO] User Butterscooth in group [38/1684]
[2025-06-16 02:21:12] [INFO] User adhi_tama not in group [39/1684]
[2025-06-16 02:21:12] [INFO] User Ndi070294 not in group [40/1684]
[2025-06-16 02:21:13] [INFO] User Dwinooooo not in group [41/1684]
[2025-06-16 02:30:56] [INFO] User callme4rxa in group [1/1684]
[2025-06-16 02:30:56] [INFO] User PeternakLumbaLumba in group [2/1684]
[2025-06-16 02:30:56] [INFO] User rezabactiar in group [3/1684]
[2025-06-16 02:30:56] [INFO] User arxadev in group [4/1684]
[2025-06-16 02:30:57] [INFO] User Trioagusarianto in group [5/1684]
[2025-06-16 02:30:57] [INFO] User veron171 in group [6/1684]
[2025-06-16 02:30:57] [INFO] User Finafatmasari in group [7/1684]
[2025-06-16 02:30:57] [INFO] User fbzkr not in group [8/1684]
[2025-06-16 02:30:57] [INFO] User SiscaTjan in group [9/1684]
[2025-06-16 02:30:58] [INFO] User zxevsy in group [10/1684]
[2025-06-16 02:30:58] [INFO] User saktiyo not in group [11/1684]
[2025-06-16 02:30:58] [INFO] User djodjoi in group [12/1684]
[2025-06-16 02:30:59] [INFO] User Kabul141103 in group [13/1684]
[2025-06-16 02:30:59] [INFO] User Inisiapaya3 not in group [14/1684]
[2025-06-16 02:30:59] [INFO] User caricuanfb not in group [15/1684]
[2025-06-16 02:30:59] [INFO] User rdesmandra not in group [16/1684]
[2025-06-16 02:31:00] [INFO] User mastap68 not in group [17/1684]
[2025-06-16 02:31:00] [INFO] User harissugiwanto not in group [18/1684]
[2025-06-16 02:31:00] [INFO] User Galih_Tahta not in group [19/1684]
[2025-06-16 02:31:00] [INFO] User huffffdzzz not in group [20/1684]
[2025-06-16 02:31:01] [INFO] User ky4j_5 not in group [21/1684]
[2025-06-16 02:31:01] [INFO] User suryaArief not in group [22/1684]
[2025-06-16 02:31:01] [INFO] User Ibass_18 not in group [23/1684]
[2025-06-16 02:31:02] [INFO] User Rosna_Maelani not in group [24/1684]
[2025-06-16 02:31:02] [INFO] User Kopiah_haji not in group [25/1684]
[2025-06-16 02:31:02] [INFO] User Wulan0223 not in group [26/1684]
[2025-06-16 02:31:02] [INFO] User Fjrkrm not in group [27/1684]
[2025-06-16 02:31:03] [INFO] User Bobond_7 not in group [28/1684]
[2025-06-16 02:31:03] [INFO] User DjaiAtjai not in group [29/1684]
[2025-06-16 02:31:03] [INFO] User rezzaelv not in group [30/1684]
[2025-06-16 02:31:28] [INFO] User Samueldd not in group [31/1684]
[2025-06-16 02:31:30] [INFO] User victorang1 not in group [32/1684]
[2025-06-16 02:31:30] [INFO] User jjeeeeew not in group [33/1684]
[2025-06-16 02:31:30] [INFO] User HeryBoy80 not in group [34/1684]
[2025-06-16 02:31:31] [INFO] User rahmad417 not in group [35/1684]
[2025-06-16 02:31:31] [INFO] User Elloawins not in group [36/1684]
[2025-06-16 02:31:32] [INFO] User Jenny378 not in group [37/1684]
[2025-06-16 02:31:32] [INFO] User Butterscooth in group [38/1684]
[2025-06-16 02:31:33] [INFO] User adhi_tama not in group [39/1684]
[2025-06-16 02:31:33] [INFO] User Ndi070294 not in group [40/1684]
[2025-06-16 02:31:33] [INFO] User Dwinooooo not in group [41/1684]
[2025-06-16 02:31:33] [INFO] User Gudellkebo not in group [42/1684]
[2025-06-16 02:31:34] [INFO] User Johaneschris not in group [43/1684]
[2025-06-16 02:31:34] [INFO] User Tetew_Store not in group [44/1684]
[2025-06-16 02:31:34] [INFO] User helgaalfidiyonsiregar_141210202 not in group [45/1684]
[2025-06-16 02:31:34] [INFO] User erick_maranta not in group [46/1684]
[2025-06-16 02:31:35] [INFO] User fanglingbabyrooms not in group [47/1684]
[2025-06-16 02:31:35] [INFO] User hamzet19 not in group [48/1684]
[2025-06-16 02:31:35] [INFO] User penggemarkebab in group [49/1684]
[2025-06-16 02:31:36] [INFO] User amirrmirdat in group [50/1684]
[2025-06-16 02:31:36] [INFO] User setyoass not in group [51/1684]
[2025-06-16 02:31:37] [INFO] User Mundur10 not in group [52/1684]
[2025-06-16 02:31:37] [INFO] User ernaldiazhar in group [53/1684]
[2025-06-16 02:31:37] [INFO] User tradersahamcom in group [54/1684]
[2025-06-16 02:31:37] [INFO] User Joooooooooooooo0 not in group [55/1684]
[2025-06-16 02:31:38] [INFO] User zevenz07 in group [56/1684]
[2025-06-16 02:31:38] [INFO] User RikoHN not in group [57/1684]
[2025-06-16 02:31:38] [INFO] User Irhamny in group [58/1684]
[2025-06-16 02:31:39] [INFO] User aaususshsu not in group [59/1684]
[2025-06-16 02:31:39] [INFO] User chlk24 in group [60/1684]
[2025-06-16 02:33:08] [INFO] User huffffdzzz not in group [1/113]
[2025-06-16 02:33:08] [INFO] User ky4j_5 not in group [2/113]
[2025-06-16 02:33:08] [INFO] User suryaArief not in group [3/113]
[2025-06-16 02:33:08] [INFO] User Ibass_18 not in group [4/113]
[2025-06-16 02:33:09] [INFO] User Rosna_Maelani not in group [5/113]
[2025-06-16 02:33:09] [INFO] User Kopiah_haji not in group [6/113]
[2025-06-16 02:33:09] [INFO] User Wulan0223 not in group [7/113]
[2025-06-16 02:33:10] [INFO] User Fjrkrm not in group [8/113]
[2025-06-16 02:33:10] [INFO] User Bobond_7 not in group [9/113]
[2025-06-16 02:33:10] [INFO] User DjaiAtjai not in group [10/113]
[2025-06-16 02:33:11] [INFO] User rezzaelv not in group [11/113]
[2025-06-16 02:33:11] [INFO] User Samueldd not in group [12/113]
[2025-06-16 02:33:11] [INFO] User victorang1 not in group [13/113]
[2025-06-16 02:33:11] [INFO] User jjeeeeew not in group [14/113]
[2025-06-16 02:33:12] [INFO] User HeryBoy80 not in group [15/113]
[2025-06-16 02:33:12] [INFO] User rahmad417 not in group [16/113]
[2025-06-16 02:33:12] [INFO] User hamzahaura not in group [17/113]
[2025-06-16 02:33:12] [INFO] User yosephaprianus not in group [18/113]
[2025-06-16 02:33:13] [INFO] User Ronii9 not in group [19/113]
[2025-06-16 02:33:13] [INFO] User Itsyuta60 not in group [20/113]
[2025-06-16 02:33:14] [INFO] User Kidalisme not in group [21/113]
[2025-06-16 02:33:14] [INFO] User mei68 not in group [22/113]
[2025-06-16 02:33:14] [INFO] User Dondinew not in group [23/113]
[2025-06-16 02:33:15] [INFO] User eknug not in group [24/113]
[2025-06-16 02:33:15] [INFO] User Henrikardi not in group [25/113]
[2025-06-16 02:33:15] [INFO] User gitatata not in group [26/113]
[2025-06-16 02:33:15] [INFO] User timo463 not in group [27/113]
[2025-06-16 02:33:16] [INFO] User jasonwww89 not in group [28/113]
[2025-06-16 02:33:16] [INFO] User resta_windra not in group [29/113]
[2025-06-16 02:33:16] [INFO] User adelrosari not in group [30/113]
[2025-06-16 02:33:40] [INFO] User Ediliyanto not in group [31/113]
[2025-06-16 02:33:40] [INFO] User nurcahyo71 not in group [32/113]
[2025-06-16 02:33:40] [INFO] User Karnadiang not in group [33/113]
[2025-06-16 02:33:41] [INFO] User kevincu not in group [34/113]
[2025-06-16 02:33:41] [INFO] User Masedi71 not in group [35/113]
[2025-06-16 02:33:41] [INFO] User junotz21 not in group [36/113]
[2025-06-16 02:33:42] [INFO] User mas963963 not in group [37/113]
[2025-06-16 02:33:42] [INFO] User rizal_rht not in group [38/113]
[2025-06-16 02:33:42] [INFO] User Hendro_Setiadi not in group [39/113]
[2025-06-16 02:33:43] [INFO] User muthia_id not in group [40/113]
[2025-06-16 02:33:43] [INFO] User Nicemasculen not in group [41/113]
[2025-06-16 02:33:43] [INFO] User idpratamavicky not in group [42/113]
[2025-06-16 02:33:43] [INFO] User sofyanchandra not in group [43/113]
[2025-06-16 02:33:44] [INFO] User Dahri99 not in group [44/113]
[2025-06-16 02:33:44] [INFO] User Yantoooooio not in group [45/113]
[2025-06-16 02:33:44] [INFO] User X2subex not in group [46/113]
[2025-06-16 02:33:44] [INFO] User skuyuk1 not in group [47/113]
[2025-06-16 02:33:44] [INFO] User kappaYC not in group [48/113]
[2025-06-16 02:33:45] [INFO] User veresiaaa not in group [49/113]
[2025-06-16 02:33:45] [INFO] User Donnydev not in group [50/113]
[2025-06-16 02:33:45] [INFO] User aa_adikoro not in group [51/113]
[2025-06-16 02:33:45] [INFO] User rizkamaghfur not in group [52/113]
[2025-06-16 02:33:47] [INFO] User Nanadutami not in group [53/113]
[2025-06-16 02:33:47] [INFO] User padli_a4 not in group [54/113]
[2025-06-16 02:33:47] [INFO] User kholifmuhammad not in group [55/113]
[2025-06-16 02:33:47] [INFO] User Achmadstock not in group [56/113]
[2025-06-16 02:33:48] [INFO] User Muttaqin91 not in group [57/113]
[2025-06-16 02:33:48] [INFO] User RONGGO_33 not in group [58/113]
[2025-06-16 02:33:48] [INFO] User Nuyas789 not in group [59/113]
[2025-06-16 02:33:48] [INFO] User Haimii4 not in group [60/113]
[2025-06-16 02:34:11] [INFO] User marchecko not in group [61/113]
[2025-06-16 02:34:12] [INFO] User andidermawan04 not in group [62/113]
[2025-06-16 02:34:12] [INFO] User agenunggul not in group [63/113]
[2025-06-16 02:34:12] [INFO] User magentasp not in group [64/113]
[2025-06-16 02:34:13] [INFO] User litawanda not in group [65/113]
[2025-06-16 02:34:13] [INFO] User RHK008 not in group [66/113]
[2025-06-16 02:34:13] [INFO] User widikc not in group [67/113]
[2025-06-16 02:34:14] [INFO] User Masysyam not in group [68/113]
[2025-06-16 02:34:14] [INFO] User Whsbwu not in group [69/113]
[2025-06-16 02:34:14] [INFO] User Junstrade not in group [70/113]
[2025-06-16 02:34:14] [INFO] User kisur09 not in group [71/113]
[2025-06-16 02:34:15] [INFO] User Ifan029 not in group [72/113]
[2025-06-16 02:34:15] [INFO] User anggabay91 not in group [73/113]
[2025-06-16 02:34:16] [INFO] User Bii1127 not in group [74/113]
[2025-06-16 02:34:16] [INFO] User Hahasyu not in group [75/113]
[2025-06-16 02:34:16] [INFO] User aciqiciw not in group [76/113]
[2025-06-16 02:34:16] [INFO] User damnmnn not in group [77/113]
[2025-06-16 02:34:21] [INFO] User raihanalogy not in group [78/113]
[2025-06-16 02:34:22] [INFO] User AhmadFikriMunafi not in group [79/113]
[2025-06-16 02:34:22] [INFO] User claudiamila not in group [80/113]
[2025-06-16 02:34:22] [INFO] User fluffymichi not in group [81/113]
[2025-06-16 02:34:22] [INFO] User echynickyy not in group [82/113]
[2025-06-16 02:34:23] [INFO] User ganangty not in group [83/113]
[2025-06-16 02:34:23] [INFO] User RosemaryDH not in group [84/113]
[2025-06-16 02:34:23] [INFO] User rrzzz88 not in group [85/113]
[2025-06-16 02:34:23] [INFO] User Maulskutlah not in group [86/113]
[2025-06-16 02:34:24] [INFO] User taufiknic not in group [87/113]
[2025-06-16 02:34:24] [INFO] User Sukardiman2 not in group [88/113]
[2025-06-16 02:34:24] [INFO] User ariefroh not in group [89/113]
[2025-06-16 02:34:24] [INFO] User God_army88 not in group [90/113]
[2025-06-16 02:34:44] [INFO] User tjrynnn not in group [91/113]
[2025-06-16 02:34:45] [INFO] User Kanzulaufa not in group [92/113]
[2025-06-16 02:34:45] [INFO] User fakhrirasyids not in group [93/113]
[2025-06-16 02:34:45] [INFO] User viviyeye not in group [94/113]
[2025-06-16 02:34:46] [INFO] User zaaadhi not in group [95/113]
[2025-06-16 02:34:46] [INFO] User aldwyzaaa not in group [96/113]
[2025-06-16 02:34:46] [INFO] User strawbeyyii not in group [97/113]
[2025-06-16 02:34:47] [INFO] User liisajane not in group [98/113]
[2025-06-16 02:34:47] [INFO] User lrenznj not in group [99/113]
[2025-06-16 02:34:47] [INFO] User Remisolasido not in group [100/113]
[2025-06-16 02:34:48] [INFO] User Adrian_Pampam not in group [101/113]
[2025-06-16 02:34:48] [INFO] User Justrh13 not in group [102/113]
[2025-06-16 02:34:48] [INFO] User Leo168 not in group [103/113]
[2025-06-16 02:34:49] [INFO] User Simangku not in group [104/113]
[2025-06-16 02:34:49] [INFO] User Elisyaf not in group [105/113]
[2025-06-16 02:34:50] [INFO] User m_aje not in group [106/113]
[2025-06-16 02:34:50] [INFO] User HarryLimCuan not in group [107/113]
[2025-06-16 02:34:50] [INFO] User HarryAdminSCT not in group [108/113]
[2025-06-16 02:34:51] [INFO] User harryadmindsc1 not in group [109/113]
[2025-06-16 02:34:51] [INFO] User Annong not in group [110/113]
[2025-06-16 02:34:52] [INFO] User Islamino93 not in group [111/113]
[2025-06-16 02:34:52] [INFO] User RizqyAlfarisi8 not in group [112/113]
[2025-06-16 02:34:52] [INFO] User Stefa91 not in group [113/113]
[2025-06-16 02:34:53] [SUMMARY] {'Total Members': 113, 'Total Checked': 113, 'Not in Group': 113, 'In Group': 0, 'Result File': 'output/investartforum_1684_filtered_20250616_023308.csv'}
[2025-06-16 02:36:57] [INFO] User huffffdzzz not in group [1/113]
[2025-06-16 02:36:58] [INFO] User ky4j_5 not in group [2/113]
[2025-06-16 02:36:58] [INFO] User suryaArief not in group [3/113]
[2025-06-16 02:36:59] [INFO] User Ibass_18 not in group [4/113]
[2025-06-16 02:36:59] [INFO] User Rosna_Maelani not in group [5/113]
[2025-06-16 02:36:59] [INFO] User Kopiah_haji not in group [6/113]
[2025-06-16 02:36:59] [INFO] User Wulan0223 not in group [7/113]
[2025-06-16 02:37:00] [INFO] User Fjrkrm not in group [8/113]
[2025-06-16 02:37:00] [INFO] User Bobond_7 not in group [9/113]
[2025-06-16 02:37:00] [INFO] User DjaiAtjai not in group [10/113]
[2025-06-16 02:37:00] [INFO] User rezzaelv not in group [11/113]
[2025-06-16 02:37:01] [INFO] User Samueldd not in group [12/113]
[2025-06-16 02:37:01] [INFO] User victorang1 not in group [13/113]
[2025-06-16 02:37:02] [INFO] User jjeeeeew not in group [14/113]
[2025-06-16 02:37:02] [INFO] User HeryBoy80 not in group [15/113]
[2025-06-16 02:37:03] [INFO] User rahmad417 not in group [16/113]
[2025-06-16 02:37:03] [INFO] User hamzahaura not in group [17/113]
[2025-06-16 02:37:03] [INFO] User yosephaprianus not in group [18/113]
[2025-06-16 02:37:03] [INFO] User Ronii9 not in group [19/113]
[2025-06-16 02:37:04] [INFO] User Itsyuta60 not in group [20/113]
[2025-06-16 02:37:04] [INFO] User Kidalisme not in group [21/113]
[2025-06-16 02:37:04] [INFO] User mei68 not in group [22/113]
[2025-06-16 02:37:04] [INFO] User Dondinew not in group [23/113]
[2025-06-16 02:37:05] [INFO] User eknug not in group [24/113]
[2025-06-16 02:37:05] [INFO] User Henrikardi not in group [25/113]
[2025-06-16 02:37:05] [INFO] User gitatata not in group [26/113]
[2025-06-16 02:37:06] [INFO] User timo463 not in group [27/113]
[2025-06-16 02:37:06] [INFO] User jasonwww89 not in group [28/113]
[2025-06-16 02:37:06] [INFO] User resta_windra not in group [29/113]
[2025-06-16 02:37:06] [INFO] User adelrosari not in group [30/113]
[2025-06-16 02:37:29] [INFO] User Ediliyanto not in group [31/113]
[2025-06-16 02:37:30] [INFO] User nurcahyo71 not in group [32/113]
[2025-06-16 02:37:30] [INFO] User Karnadiang not in group [33/113]
[2025-06-16 02:37:31] [INFO] User kevincu not in group [34/113]
[2025-06-16 02:37:31] [INFO] User Masedi71 not in group [35/113]
[2025-06-16 02:37:32] [INFO] User junotz21 not in group [36/113]
[2025-06-16 02:37:32] [INFO] User mas963963 not in group [37/113]
[2025-06-16 02:37:33] [INFO] User rizal_rht not in group [38/113]
[2025-06-16 02:37:33] [INFO] User Hendro_Setiadi not in group [39/113]
[2025-06-16 02:37:33] [INFO] User muthia_id not in group [40/113]
[2025-06-16 02:37:33] [INFO] User Nicemasculen not in group [41/113]
[2025-06-16 02:37:34] [INFO] User idpratamavicky not in group [42/113]
[2025-06-16 02:37:34] [INFO] User sofyanchandra not in group [43/113]
[2025-06-16 02:37:34] [INFO] User Dahri99 not in group [44/113]
[2025-06-16 02:37:34] [INFO] User Yantoooooio not in group [45/113]
[2025-06-16 02:37:35] [INFO] User X2subex not in group [46/113]
[2025-06-16 02:37:35] [INFO] User skuyuk1 not in group [47/113]
[2025-06-16 02:37:35] [INFO] User kappaYC not in group [48/113]
[2025-06-16 02:37:37] [INFO] User veresiaaa not in group [49/113]
[2025-06-16 02:37:37] [INFO] User Donnydev not in group [50/113]
[2025-06-16 02:37:37] [INFO] User aa_adikoro not in group [51/113]
[2025-06-16 02:37:37] [INFO] User rizkamaghfur not in group [52/113]
[2025-06-16 02:37:38] [INFO] User Nanadutami not in group [53/113]
[2025-06-16 02:37:38] [INFO] User padli_a4 not in group [54/113]
[2025-06-16 02:37:38] [INFO] User kholifmuhammad not in group [55/113]
[2025-06-16 02:37:39] [INFO] User Achmadstock not in group [56/113]
[2025-06-16 02:37:39] [INFO] User Muttaqin91 not in group [57/113]
[2025-06-16 02:37:39] [INFO] User RONGGO_33 not in group [58/113]
[2025-06-16 02:37:39] [INFO] User Nuyas789 not in group [59/113]
[2025-06-16 02:37:40] [INFO] User Haimii4 not in group [60/113]
[2025-06-16 02:38:03] [INFO] User marchecko not in group [61/113]
[2025-06-16 02:38:04] [INFO] User andidermawan04 not in group [62/113]
[2025-06-16 02:38:04] [INFO] User agenunggul not in group [63/113]
[2025-06-16 02:38:04] [INFO] User magentasp not in group [64/113]
[2025-06-16 02:38:05] [INFO] User litawanda not in group [65/113]
[2025-06-16 02:38:05] [INFO] User RHK008 not in group [66/113]
[2025-06-16 02:38:06] [INFO] User widikc not in group [67/113]
[2025-06-16 02:38:07] [INFO] User Masysyam not in group [68/113]
[2025-06-16 02:38:07] [INFO] User Whsbwu not in group [69/113]
[2025-06-16 02:38:07] [INFO] User Junstrade not in group [70/113]
[2025-06-16 02:38:07] [INFO] User kisur09 not in group [71/113]
[2025-06-16 02:38:08] [INFO] User Ifan029 not in group [72/113]
[2025-06-16 02:38:08] [INFO] User anggabay91 not in group [73/113]
[2025-06-16 02:38:08] [INFO] User Bii1127 not in group [74/113]
[2025-06-16 02:38:08] [INFO] User Hahasyu not in group [75/113]
[2025-06-16 02:38:09] [INFO] User aciqiciw not in group [76/113]
[2025-06-16 02:38:09] [INFO] User damnmnn not in group [77/113]
[2025-06-16 02:38:09] [INFO] User raihanalogy not in group [78/113]
[2025-06-16 02:38:10] [INFO] User AhmadFikriMunafi not in group [79/113]
[2025-06-16 02:38:10] [INFO] User claudiamila not in group [80/113]
[2025-06-16 02:38:11] [INFO] User fluffymichi not in group [81/113]
[2025-06-16 02:38:11] [INFO] User echynickyy not in group [82/113]
[2025-06-16 02:38:11] [INFO] User ganangty not in group [83/113]
[2025-06-16 02:38:12] [INFO] User RosemaryDH not in group [84/113]
[2025-06-16 02:38:12] [INFO] User rrzzz88 not in group [85/113]
[2025-06-16 02:38:12] [INFO] User Maulskutlah not in group [86/113]
[2025-06-16 02:38:13] [INFO] User taufiknic not in group [87/113]
[2025-06-16 02:38:13] [INFO] User Sukardiman2 not in group [88/113]
[2025-06-16 02:38:14] [INFO] User ariefroh not in group [89/113]
[2025-06-16 02:38:14] [INFO] User God_army88 not in group [90/113]
[2025-06-16 02:38:33] [INFO] User tjrynnn not in group [91/113]
[2025-06-16 02:38:34] [INFO] User Kanzulaufa not in group [92/113]
[2025-06-16 02:38:34] [INFO] User fakhrirasyids not in group [93/113]
[2025-06-16 02:38:34] [INFO] User viviyeye not in group [94/113]
[2025-06-16 02:38:34] [INFO] User zaaadhi not in group [95/113]
[2025-06-16 02:38:35] [INFO] User aldwyzaaa not in group [96/113]
[2025-06-16 02:38:35] [INFO] User strawbeyyii not in group [97/113]
[2025-06-16 02:38:36] [INFO] User liisajane not in group [98/113]
[2025-06-16 02:38:36] [INFO] User lrenznj not in group [99/113]
[2025-06-16 02:38:36] [INFO] User Remisolasido not in group [100/113]
[2025-06-16 02:38:37] [INFO] User Adrian_Pampam not in group [101/113]
[2025-06-16 02:38:37] [INFO] User Justrh13 not in group [102/113]
[2025-06-16 02:38:37] [INFO] User Leo168 not in group [103/113]
[2025-06-16 02:38:38] [INFO] User Simangku not in group [104/113]
[2025-06-16 02:38:39] [INFO] User Elisyaf not in group [105/113]
[2025-06-16 02:38:39] [INFO] User m_aje not in group [106/113]
[2025-06-16 02:38:39] [INFO] User HarryLimCuan not in group [107/113]
[2025-06-16 02:38:40] [INFO] User HarryAdminSCT not in group [108/113]
[2025-06-16 02:38:40] [INFO] User harryadmindsc1 not in group [109/113]
[2025-06-16 02:38:40] [INFO] User Annong not in group [110/113]
[2025-06-16 02:38:41] [INFO] User Islamino93 not in group [111/113]
[2025-06-16 02:38:41] [INFO] User RizqyAlfarisi8 not in group [112/113]
[2025-06-16 02:38:41] [INFO] User Stefa91 not in group [113/113]
[2025-06-16 02:38:41] [SUMMARY] {'Total Members': 113, 'Total Checked': 113, 'Not in Group': 113, 'In Group': 0, 'Result File': 'output/investartforum_1684_filtered_20250616_023657.csv'}
[2025-06-16 02:44:37] [ERROR] Flood control triggered - stopping process
[2025-06-16 02:44:37] [SUMMARY] {'Total Members': 113, 'Successfully Added': 0, 'Failed': 0, 'Skipped (Already in Group)': 0, 'Success Rate': '0.0%'}
[2025-06-16 03:49:38] [SUCCESS] Scraped 1684 valid members from investartforum (Total: 3232)
[2025-06-16 04:02:36] [INFO] User callme4rxa already in group [1/1684]
[2025-06-16 04:02:36] [INFO] User PeternakLumbaLumba already in group [2/1684]
[2025-06-16 04:02:36] [INFO] User rezabactiar already in group [3/1684]
[2025-06-16 04:02:36] [INFO] User arxadev already in group [4/1684]
[2025-06-16 04:02:36] [INFO] User Trioagusarianto already in group [5/1684]
[2025-06-16 04:02:37] [INFO] User veron171 already in group [6/1684]
[2025-06-16 04:02:37] [INFO] User Finafatmasari already in group [7/1684]
[2025-06-16 04:02:37] [INFO] User fbzkr not in group [8/1684]
[2025-06-16 04:02:37] [INFO] User SiscaTjan already in group [9/1684]
[2025-06-16 04:02:37] [INFO] User zxevsy already in group [10/1684]
[2025-06-16 04:02:37] [INFO] User saktiyo not in group [11/1684]
[2025-06-16 04:02:37] [INFO] User djodjoi already in group [12/1684]
[2025-06-16 04:02:37] [INFO] User Kabul141103 already in group [13/1684]
[2025-06-16 04:02:37] [INFO] User Inisiapaya3 not in group [14/1684]
[2025-06-16 04:02:37] [INFO] User caricuanfb not in group [15/1684]
[2025-06-16 04:02:37] [INFO] User rdesmandra not in group [16/1684]
[2025-06-16 04:02:37] [INFO] User mastap68 not in group [17/1684]
[2025-06-16 04:02:38] [INFO] User harissugiwanto not in group [18/1684]
[2025-06-16 04:02:38] [INFO] User Galih_Tahta not in group [19/1684]
[2025-06-16 04:02:38] [INFO] User huffffdzzz not in group [20/1684]
[2025-06-16 04:02:38] [INFO] User ky4j_5 not in group [21/1684]
[2025-06-16 04:02:38] [INFO] User suryaArief not in group [22/1684]
[2025-06-16 04:02:38] [INFO] User Ibass_18 not in group [23/1684]
[2025-06-16 04:02:38] [INFO] User Rosna_Maelani not in group [24/1684]
[2025-06-16 04:02:38] [INFO] User Kopiah_haji not in group [25/1684]
[2025-06-16 04:02:38] [INFO] User Wulan0223 not in group [26/1684]
[2025-06-16 04:02:38] [INFO] User Fjrkrm not in group [27/1684]
[2025-06-16 04:02:38] [INFO] User Bobond_7 not in group [28/1684]
[2025-06-16 04:02:38] [INFO] User DjaiAtjai not in group [29/1684]
[2025-06-16 04:02:39] [INFO] User rezzaelv not in group [30/1684]
[2025-06-16 04:03:07] [INFO] User Samueldd not in group [31/1684]
[2025-06-16 04:03:07] [INFO] User victorang1 not in group [32/1684]
[2025-06-16 04:03:07] [INFO] User jjeeeeew not in group [33/1684]
[2025-06-16 04:03:07] [INFO] User HeryBoy80 not in group [34/1684]
[2025-06-16 04:03:07] [INFO] User rahmad417 not in group [35/1684]
[2025-06-16 04:03:07] [INFO] User Elloawins not in group [36/1684]
[2025-06-16 04:03:08] [INFO] User Jenny378 not in group [37/1684]
[2025-06-16 04:03:08] [INFO] User Butterscooth already in group [38/1684]
[2025-06-16 04:03:08] [INFO] User adhi_tama not in group [39/1684]
[2025-06-16 04:03:08] [INFO] User Ndi070294 not in group [40/1684]
[2025-06-16 04:03:08] [INFO] User Dwinooooo not in group [41/1684]
[2025-06-16 04:03:08] [INFO] User Gudellkebo not in group [42/1684]
[2025-06-16 04:03:08] [INFO] User Johaneschris not in group [43/1684]
[2025-06-16 04:03:08] [INFO] User Tetew_Store not in group [44/1684]
[2025-06-16 04:03:08] [INFO] User helgaalfidiyonsiregar_141210202 not in group [45/1684]
[2025-06-16 04:03:08] [INFO] User erick_maranta not in group [46/1684]
[2025-06-16 04:03:08] [INFO] User fanglingbabyrooms not in group [47/1684]
[2025-06-16 04:03:08] [INFO] User hamzet19 not in group [48/1684]
[2025-06-16 04:03:08] [INFO] User penggemarkebab already in group [49/1684]
[2025-06-16 04:03:08] [INFO] User amirrmirdat already in group [50/1684]
[2025-06-16 04:03:09] [INFO] User setyoass not in group [51/1684]
[2025-06-16 04:03:09] [INFO] User Mundur10 not in group [52/1684]
[2025-06-16 04:03:09] [INFO] User ernaldiazhar already in group [53/1684]
[2025-06-16 04:03:09] [INFO] User tradersahamcom already in group [54/1684]
[2025-06-16 04:03:09] [INFO] User Joooooooooooooo0 not in group [55/1684]
[2025-06-16 04:03:09] [INFO] User zevenz07 already in group [56/1684]
[2025-06-16 04:03:09] [INFO] User RikoHN not in group [57/1684]
[2025-06-16 04:03:09] [INFO] User Irhamny already in group [58/1684]
[2025-06-16 04:03:09] [INFO] User aaususshsu not in group [59/1684]
[2025-06-16 04:03:09] [INFO] User chlk24 already in group [60/1684]
[2025-06-16 04:04:31] [INFO] User callme4rxa already in group [1/1684]
[2025-06-16 04:04:31] [INFO] User PeternakLumbaLumba already in group [2/1684]
[2025-06-16 04:04:31] [INFO] User rezabactiar already in group [3/1684]
[2025-06-16 04:04:31] [INFO] User arxadev already in group [4/1684]
[2025-06-16 04:04:31] [INFO] User Trioagusarianto already in group [5/1684]
[2025-06-16 04:04:31] [INFO] User veron171 already in group [6/1684]
[2025-06-16 04:04:31] [INFO] User Finafatmasari already in group [7/1684]
[2025-06-16 04:04:31] [INFO] User fbzkr not in group [8/1684]
[2025-06-16 04:04:31] [INFO] User SiscaTjan already in group [9/1684]
[2025-06-16 04:04:31] [INFO] User zxevsy already in group [10/1684]
[2025-06-16 04:04:32] [INFO] User saktiyo not in group [11/1684]
[2025-06-16 04:04:32] [INFO] User djodjoi already in group [12/1684]
[2025-06-16 04:04:32] [INFO] User Kabul141103 already in group [13/1684]
[2025-06-16 04:04:32] [INFO] User Inisiapaya3 not in group [14/1684]
[2025-06-16 04:04:32] [INFO] User caricuanfb not in group [15/1684]
[2025-06-16 04:04:32] [INFO] User rdesmandra not in group [16/1684]
[2025-06-16 04:04:32] [INFO] User mastap68 not in group [17/1684]
[2025-06-16 04:04:32] [INFO] User harissugiwanto not in group [18/1684]
[2025-06-16 04:04:32] [INFO] User Galih_Tahta not in group [19/1684]
[2025-06-16 04:04:32] [INFO] User huffffdzzz not in group [20/1684]
[2025-06-16 04:04:32] [INFO] User ky4j_5 not in group [21/1684]
[2025-06-16 04:04:32] [INFO] User suryaArief not in group [22/1684]
[2025-06-16 04:04:32] [INFO] User Ibass_18 not in group [23/1684]
[2025-06-16 04:04:33] [INFO] User Rosna_Maelani not in group [24/1684]
[2025-06-16 04:04:33] [INFO] User Kopiah_haji not in group [25/1684]
[2025-06-16 04:04:33] [INFO] User Wulan0223 not in group [26/1684]
[2025-06-16 04:04:33] [INFO] User Fjrkrm not in group [27/1684]
[2025-06-16 04:04:33] [INFO] User Bobond_7 not in group [28/1684]
[2025-06-16 04:04:33] [INFO] User DjaiAtjai not in group [29/1684]
[2025-06-16 04:04:33] [INFO] User rezzaelv not in group [30/1684]
[2025-06-16 04:05:02] [INFO] User Samueldd not in group [31/1684]
[2025-06-16 04:05:02] [INFO] User victorang1 not in group [32/1684]
[2025-06-16 04:05:02] [INFO] User jjeeeeew not in group [33/1684]
[2025-06-16 04:05:02] [INFO] User HeryBoy80 not in group [34/1684]
[2025-06-16 04:05:02] [INFO] User rahmad417 not in group [35/1684]
[2025-06-16 04:05:02] [INFO] User Elloawins not in group [36/1684]
[2025-06-16 04:05:02] [INFO] User Jenny378 not in group [37/1684]
[2025-06-16 04:05:02] [INFO] User Butterscooth already in group [38/1684]
[2025-06-16 04:05:02] [INFO] User adhi_tama not in group [39/1684]
[2025-06-16 04:05:02] [INFO] User Ndi070294 not in group [40/1684]
[2025-06-16 04:05:02] [INFO] User Dwinooooo not in group [41/1684]
[2025-06-16 04:05:03] [INFO] User Gudellkebo not in group [42/1684]
[2025-06-16 04:05:03] [INFO] User Johaneschris not in group [43/1684]
[2025-06-16 04:05:03] [INFO] User Tetew_Store not in group [44/1684]
[2025-06-16 04:05:03] [INFO] User helgaalfidiyonsiregar_141210202 not in group [45/1684]
[2025-06-16 04:05:03] [INFO] User erick_maranta not in group [46/1684]
[2025-06-16 04:05:03] [INFO] User fanglingbabyrooms not in group [47/1684]
[2025-06-16 04:05:03] [INFO] User hamzet19 not in group [48/1684]
[2025-06-16 04:05:03] [INFO] User penggemarkebab already in group [49/1684]
[2025-06-16 04:05:03] [INFO] User amirrmirdat already in group [50/1684]
[2025-06-16 04:05:03] [INFO] User setyoass not in group [51/1684]
[2025-06-16 04:05:03] [INFO] User Mundur10 not in group [52/1684]
[2025-06-16 04:05:04] [INFO] User ernaldiazhar already in group [53/1684]
[2025-06-16 04:05:04] [INFO] User tradersahamcom already in group [54/1684]
[2025-06-16 04:05:04] [INFO] User Joooooooooooooo0 not in group [55/1684]
[2025-06-16 04:05:04] [INFO] User zevenz07 already in group [56/1684]
[2025-06-16 04:05:04] [INFO] User RikoHN not in group [57/1684]
[2025-06-16 04:05:04] [INFO] User Irhamny already in group [58/1684]
[2025-06-16 04:05:04] [INFO] User aaususshsu not in group [59/1684]
[2025-06-16 04:05:04] [INFO] User chlk24 already in group [60/1684]
[2025-06-16 04:05:32] [INFO] User ririn_0879 not in group [61/1684]
[2025-06-16 04:05:32] [INFO] User agsaiii not in group [62/1684]
[2025-06-16 04:05:32] [INFO] User Promisenewera not in group [63/1684]
[2025-06-16 04:05:32] [INFO] User ptrxyz07 not in group [64/1684]
[2025-06-16 04:05:32] [INFO] User Everydaylatte21 not in group [65/1684]
[2025-06-16 04:05:32] [INFO] User Marunang1501 already in group [66/1684]
[2025-06-16 04:05:32] [INFO] User Chris_Ha already in group [67/1684]
[2025-06-16 04:05:32] [INFO] User KAHAR083 not in group [68/1684]
[2025-06-16 04:05:32] [INFO] User parklanddd not in group [69/1684]
[2025-06-16 04:05:33] [INFO] User fifinas not in group [70/1684]
[2025-06-16 04:05:33] [INFO] User Diale_666 not in group [71/1684]
[2025-06-16 04:05:33] [INFO] User wrongghost_07 not in group [72/1684]
[2025-06-16 04:05:33] [INFO] User Kokoaksya_0G not in group [73/1684]
[2025-06-16 04:05:33] [INFO] User Erlangga1605 not in group [74/1684]
[2025-06-16 04:05:33] [INFO] User Yovieangga not in group [75/1684]
[2025-06-16 04:05:33] [INFO] User Veeny not in group [76/1684]
[2025-06-16 04:05:33] [INFO] User roylim90 already in group [77/1684]
[2025-06-16 04:05:33] [INFO] User apatar26 already in group [78/1684]
[2025-06-16 04:05:33] [INFO] User ekokuswanto98 not in group [79/1684]
[2025-06-16 04:05:33] [INFO] User Kenziejavas1 not in group [80/1684]
[2025-06-16 04:05:33] [INFO] User YooHannnss already in group [81/1684]
[2025-06-16 04:05:33] [INFO] User tdatmaja not in group [82/1684]
[2025-06-16 04:05:34] [INFO] User PnielS not in group [83/1684]
[2025-06-16 04:05:34] [INFO] User Setiardii not in group [84/1684]
[2025-06-16 04:05:34] [INFO] User MiftakhulR not in group [85/1684]
[2025-06-16 04:05:34] [INFO] User Marcell088 not in group [86/1684]
[2025-06-16 04:05:34] [INFO] User Urbbyboysh not in group [87/1684]
[2025-06-16 04:05:34] [INFO] User Qnrich not in group [88/1684]
[2025-06-16 04:05:34] [INFO] User Josepkalit08 not in group [89/1684]
[2025-06-16 04:05:34] [INFO] User reren_w1 not in group [90/1684]
[2025-06-16 04:06:04] [INFO] User smurfgee not in group [91/1684]
[2025-06-16 04:06:04] [INFO] User Mamangbaso221 not in group [92/1684]
[2025-06-16 04:06:04] [INFO] User mazbay2025 not in group [93/1684]
[2025-06-16 04:06:04] [INFO] User asoybee not in group [94/1684]
[2025-06-16 04:06:04] [INFO] User veherawati already in group [95/1684]
[2025-06-16 04:06:04] [INFO] User AnggaRiau already in group [96/1684]
[2025-06-16 04:06:04] [INFO] User rdnrnr already in group [97/1684]
[2025-06-16 04:06:04] [INFO] User Dyardy23 not in group [98/1684]
[2025-06-16 04:06:05] [INFO] User scalperflas888 not in group [99/1684]
[2025-06-16 04:06:05] [INFO] User Uburubur01 not in group [100/1684]
[2025-06-16 04:06:05] [INFO] User nido_pendragon already in group [101/1684]
[2025-06-16 04:06:05] [INFO] User yollllaaa not in group [102/1684]
[2025-06-16 04:06:05] [INFO] User Citos12 already in group [103/1684]
[2025-06-16 04:06:05] [INFO] User luthfishofi not in group [104/1684]
[2025-06-16 04:06:05] [INFO] User Sscucisss not in group [105/1684]
[2025-06-16 04:06:05] [INFO] User hrsntk not in group [106/1684]
[2025-06-16 04:06:05] [INFO] User Opet868 not in group [107/1684]
[2025-06-16 04:06:05] [INFO] User Isabela_andriani not in group [108/1684]
[2025-06-16 04:06:05] [INFO] User fransdaniel12 not in group [109/1684]
[2025-06-16 04:06:06] [INFO] User Tarjoee not in group [110/1684]
[2025-06-16 04:06:06] [INFO] User Linacinlie888 not in group [111/1684]
[2025-06-16 04:06:06] [INFO] User Santai_ae not in group [112/1684]
[2025-06-16 04:06:06] [INFO] User Renie_suhae not in group [113/1684]
[2025-06-16 04:06:06] [INFO] User Yeeserah not in group [114/1684]
[2025-06-16 04:06:06] [INFO] User Ahauhab not in group [115/1684]
[2025-06-16 04:06:06] [INFO] User Fii1111111 not in group [116/1684]
[2025-06-16 04:06:06] [INFO] User len7626 not in group [117/1684]
[2025-06-16 04:06:06] [INFO] User haidapro already in group [118/1684]
[2025-06-16 04:06:06] [INFO] User hemajon not in group [119/1684]
[2025-06-16 04:06:06] [INFO] User Ihsan246 already in group [120/1684]
[2025-06-16 04:06:35] [INFO] User saafluffy already in group [121/1684]
[2025-06-16 04:06:35] [INFO] User Jeka0915 not in group [122/1684]
[2025-06-16 04:06:35] [INFO] User Risal_Ma not in group [123/1684]
[2025-06-16 04:06:35] [INFO] User Me_ry not in group [124/1684]
[2025-06-16 04:06:35] [INFO] User RandiHa12 not in group [125/1684]
[2025-06-16 04:06:35] [INFO] User Hafizharya not in group [126/1684]
[2025-06-16 04:06:35] [INFO] User sllzx not in group [127/1684]
[2025-06-16 04:06:36] [INFO] User Arif_silal not in group [128/1684]
[2025-06-16 04:06:36] [INFO] User Anggaboy01 not in group [129/1684]
[2025-06-16 04:06:36] [INFO] User siorangdaIam not in group [130/1684]
[2025-06-16 04:06:36] [INFO] User prince_of_sky not in group [131/1684]
[2025-06-16 04:06:36] [INFO] User MariaFrans75 not in group [132/1684]
[2025-06-16 04:06:36] [INFO] User Bangjo666 already in group [133/1684]
[2025-06-16 04:06:36] [INFO] User wholesometrex not in group [134/1684]
[2025-06-16 04:06:36] [INFO] User shintaaswin already in group [135/1684]
[2025-06-16 04:06:36] [INFO] User Elenhariani already in group [136/1684]
[2025-06-16 04:06:36] [INFO] User Nia_81 not in group [137/1684]
[2025-06-16 04:06:36] [INFO] User Harrsl not in group [138/1684]
[2025-06-16 04:06:36] [INFO] User koptetelukgong not in group [139/1684]
[2025-06-16 04:06:36] [INFO] User acmdspyn23 not in group [140/1684]
[2025-06-16 04:06:37] [INFO] User Bongskuy already in group [141/1684]
[2025-06-16 04:06:37] [INFO] User zoelfadli already in group [142/1684]
[2025-06-16 04:06:37] [INFO] User Nayrrrrrrrr already in group [143/1684]
[2025-06-16 04:06:37] [INFO] User MasAGB not in group [144/1684]
[2025-06-16 04:06:37] [INFO] User Adty14 already in group [145/1684]
[2025-06-16 04:06:37] [INFO] User dimasapriliya not in group [146/1684]
[2025-06-16 04:06:37] [INFO] User St_zulaikha already in group [147/1684]
[2025-06-16 04:06:37] [INFO] User Pppppaiueo not in group [148/1684]
[2025-06-16 04:06:37] [INFO] User xrpjuan not in group [149/1684]
[2025-06-16 04:06:37] [INFO] User dinaiaa not in group [150/1684]
[2025-06-16 04:07:06] [INFO] User callme4rxa already in group [1/72]
[2025-06-16 04:07:06] [INFO] User PeternakLumbaLumba already in group [2/72]
[2025-06-16 04:07:06] [INFO] User rezabactiar already in group [3/72]
[2025-06-16 04:07:06] [INFO] User arxadev already in group [4/72]
[2025-06-16 04:07:07] [INFO] User Trioagusarianto already in group [5/72]
[2025-06-16 04:07:07] [INFO] User veron171 already in group [6/72]
[2025-06-16 04:07:07] [INFO] User Finafatmasari already in group [7/72]
[2025-06-16 04:07:07] [INFO] User fbzkr not in group [8/72]
[2025-06-16 04:07:07] [INFO] User SiscaTjan already in group [9/72]
[2025-06-16 04:07:07] [INFO] User zxevsy already in group [10/72]
[2025-06-16 04:07:07] [INFO] User saktiyo not in group [11/72]
[2025-06-16 04:07:07] [INFO] User djodjoi already in group [12/72]
[2025-06-16 04:07:07] [INFO] User Kabul141103 already in group [13/72]
[2025-06-16 04:07:07] [INFO] User Inisiapaya3 not in group [14/72]
[2025-06-16 04:07:08] [INFO] User caricuanfb not in group [15/72]
[2025-06-16 04:07:08] [INFO] User rdesmandra not in group [16/72]
[2025-06-16 04:07:08] [INFO] User mastap68 not in group [17/72]
[2025-06-16 04:07:08] [INFO] User harissugiwanto not in group [18/72]
[2025-06-16 04:07:08] [INFO] User Galih_Tahta not in group [19/72]
[2025-06-16 04:07:08] [INFO] User huffffdzzz not in group [20/72]
[2025-06-16 04:07:08] [INFO] User ky4j_5 not in group [21/72]
[2025-06-16 04:07:08] [INFO] User suryaArief not in group [22/72]
[2025-06-16 04:07:08] [INFO] User Ibass_18 not in group [23/72]
[2025-06-16 04:07:08] [INFO] User Rosna_Maelani not in group [24/72]
[2025-06-16 04:07:08] [INFO] User Kopiah_haji not in group [25/72]
[2025-06-16 04:07:08] [INFO] User Wulan0223 not in group [26/72]
[2025-06-16 04:07:08] [INFO] User Fjrkrm not in group [27/72]
[2025-06-16 04:07:08] [INFO] User Bobond_7 not in group [28/72]
[2025-06-16 04:07:09] [INFO] User DjaiAtjai not in group [29/72]
[2025-06-16 04:07:09] [INFO] User rezzaelv not in group [30/72]
[2025-06-16 04:07:37] [INFO] User Samueldd not in group [31/72]
[2025-06-16 04:07:37] [INFO] User victorang1 not in group [32/72]
[2025-06-16 04:07:37] [INFO] User jjeeeeew not in group [33/72]
[2025-06-16 04:07:37] [INFO] User HeryBoy80 not in group [34/72]
[2025-06-16 04:07:37] [INFO] User rahmad417 not in group [35/72]
[2025-06-16 04:07:38] [INFO] User Elloawins not in group [36/72]
[2025-06-16 04:07:38] [INFO] User Jenny378 not in group [37/72]
[2025-06-16 04:07:38] [INFO] User Butterscooth already in group [38/72]
[2025-06-16 04:07:38] [INFO] User adhi_tama not in group [39/72]
[2025-06-16 04:07:38] [INFO] User Ndi070294 not in group [40/72]
[2025-06-16 04:07:38] [INFO] User Dwinooooo not in group [41/72]
[2025-06-16 04:07:38] [INFO] User Gudellkebo not in group [42/72]
[2025-06-16 04:07:38] [INFO] User Johaneschris not in group [43/72]
[2025-06-16 04:07:38] [INFO] User Tetew_Store not in group [44/72]
[2025-06-16 04:07:38] [INFO] User helgaalfidiyonsiregar_141210202 not in group [45/72]
[2025-06-16 04:07:38] [INFO] User erick_maranta not in group [46/72]
[2025-06-16 04:07:38] [INFO] User fanglingbabyrooms not in group [47/72]
[2025-06-16 04:07:39] [INFO] User hamzet19 not in group [48/72]
[2025-06-16 04:07:39] [INFO] User penggemarkebab already in group [49/72]
[2025-06-16 04:07:39] [INFO] User amirrmirdat already in group [50/72]
[2025-06-16 04:07:39] [INFO] User setyoass not in group [51/72]
[2025-06-16 04:07:39] [INFO] User Mundur10 not in group [52/72]
[2025-06-16 04:07:39] [INFO] User ernaldiazhar already in group [53/72]
[2025-06-16 04:07:39] [INFO] User tradersahamcom already in group [54/72]
[2025-06-16 04:07:39] [INFO] User Joooooooooooooo0 not in group [55/72]
[2025-06-16 04:07:39] [INFO] User zevenz07 already in group [56/72]
[2025-06-16 04:07:39] [INFO] User RikoHN not in group [57/72]
[2025-06-16 04:07:39] [INFO] User Irhamny already in group [58/72]
[2025-06-16 04:07:39] [INFO] User aaususshsu not in group [59/72]
[2025-06-16 04:07:40] [INFO] User chlk24 already in group [60/72]
[2025-06-16 04:08:08] [INFO] User ririn_0879 not in group [61/72]
[2025-06-16 04:08:08] [INFO] User agsaiii not in group [62/72]
[2025-06-16 04:08:08] [INFO] User Promisenewera not in group [63/72]
[2025-06-16 04:08:08] [INFO] User ptrxyz07 not in group [64/72]
[2025-06-16 04:08:09] [INFO] User Everydaylatte21 not in group [65/72]
[2025-06-16 04:08:09] [INFO] User Marunang1501 already in group [66/72]
[2025-06-16 04:08:09] [INFO] User Chris_Ha already in group [67/72]
[2025-06-16 04:08:09] [INFO] User KAHAR083 not in group [68/72]
[2025-06-16 04:08:09] [INFO] User parklanddd not in group [69/72]
[2025-06-16 04:08:09] [INFO] User fifinas not in group [70/72]
[2025-06-16 04:08:09] [INFO] User Diale_666 not in group [71/72]
[2025-06-16 04:08:09] [INFO] User wrongghost_07 not in group [72/72]
[2025-06-16 04:08:09] [SUMMARY] {'Total Members': 72, 'Total Checked': 72, 'Not in Group': 51, 'In Group': 21, 'Result File': 'output/investartforum_1684_filtered_20250616_040809.csv'}
[2025-06-16 04:09:38] [INFO] User callme4rxa already in group [1/72]
[2025-06-16 04:09:38] [INFO] User PeternakLumbaLumba already in group [2/72]
[2025-06-16 04:09:39] [INFO] User rezabactiar already in group [3/72]
[2025-06-16 04:09:39] [INFO] User arxadev already in group [4/72]
[2025-06-16 04:09:39] [INFO] User Trioagusarianto already in group [5/72]
[2025-06-16 04:09:39] [INFO] User veron171 already in group [6/72]
[2025-06-16 04:09:39] [INFO] User Finafatmasari already in group [7/72]
[2025-06-16 04:09:39] [INFO] User fbzkr not in group [8/72]
[2025-06-16 04:09:39] [INFO] User SiscaTjan already in group [9/72]
[2025-06-16 04:09:39] [INFO] User zxevsy already in group [10/72]
[2025-06-16 04:09:39] [INFO] User saktiyo not in group [11/72]
[2025-06-16 04:09:39] [INFO] User djodjoi already in group [12/72]
[2025-06-16 04:09:39] [INFO] User Kabul141103 already in group [13/72]
[2025-06-16 04:09:39] [INFO] User Inisiapaya3 not in group [14/72]
[2025-06-16 04:09:40] [INFO] User caricuanfb not in group [15/72]
[2025-06-16 04:09:40] [INFO] User rdesmandra not in group [16/72]
[2025-06-16 04:09:40] [INFO] User mastap68 not in group [17/72]
[2025-06-16 04:09:40] [INFO] User harissugiwanto not in group [18/72]
[2025-06-16 04:09:40] [INFO] User Galih_Tahta not in group [19/72]
[2025-06-16 04:09:40] [INFO] User huffffdzzz not in group [20/72]
[2025-06-16 04:09:40] [INFO] User ky4j_5 not in group [21/72]
[2025-06-16 04:09:40] [INFO] User suryaArief not in group [22/72]
[2025-06-16 04:09:40] [INFO] User Ibass_18 not in group [23/72]
[2025-06-16 04:09:40] [INFO] User Rosna_Maelani not in group [24/72]
[2025-06-16 04:09:40] [INFO] User Kopiah_haji not in group [25/72]
[2025-06-16 04:09:40] [INFO] User Wulan0223 not in group [26/72]
[2025-06-16 04:09:40] [INFO] User Fjrkrm not in group [27/72]
[2025-06-16 04:09:41] [INFO] User Bobond_7 not in group [28/72]
[2025-06-16 04:09:41] [INFO] User DjaiAtjai not in group [29/72]
[2025-06-16 04:09:41] [INFO] User rezzaelv not in group [30/72]
[2025-06-16 04:10:09] [INFO] User Samueldd not in group [31/72]
[2025-06-16 04:10:09] [INFO] User victorang1 not in group [32/72]
[2025-06-16 04:10:09] [INFO] User jjeeeeew not in group [33/72]
[2025-06-16 04:10:09] [INFO] User HeryBoy80 not in group [34/72]
[2025-06-16 04:10:09] [INFO] User rahmad417 not in group [35/72]
[2025-06-16 04:10:09] [INFO] User Elloawins not in group [36/72]
[2025-06-16 04:10:09] [INFO] User Jenny378 not in group [37/72]
[2025-06-16 04:10:09] [INFO] User Butterscooth already in group [38/72]
[2025-06-16 04:10:09] [INFO] User adhi_tama not in group [39/72]
[2025-06-16 04:10:09] [INFO] User Ndi070294 not in group [40/72]
[2025-06-16 04:10:10] [INFO] User Dwinooooo not in group [41/72]
[2025-06-16 04:10:10] [INFO] User Gudellkebo not in group [42/72]
[2025-06-16 04:10:10] [INFO] User Johaneschris not in group [43/72]
[2025-06-16 04:10:10] [INFO] User Tetew_Store not in group [44/72]
[2025-06-16 04:10:10] [INFO] User helgaalfidiyonsiregar_141210202 not in group [45/72]
[2025-06-16 04:10:10] [INFO] User erick_maranta not in group [46/72]
[2025-06-16 04:10:10] [INFO] User fanglingbabyrooms not in group [47/72]
[2025-06-16 04:10:10] [INFO] User hamzet19 not in group [48/72]
[2025-06-16 04:10:10] [INFO] User penggemarkebab already in group [49/72]
[2025-06-16 04:10:10] [INFO] User amirrmirdat already in group [50/72]
[2025-06-16 04:10:10] [INFO] User setyoass not in group [51/72]
[2025-06-16 04:10:10] [INFO] User Mundur10 not in group [52/72]
[2025-06-16 04:10:10] [INFO] User ernaldiazhar already in group [53/72]
[2025-06-16 04:10:11] [INFO] User tradersahamcom already in group [54/72]
[2025-06-16 04:10:11] [INFO] User Joooooooooooooo0 not in group [55/72]
[2025-06-16 04:10:11] [INFO] User zevenz07 already in group [56/72]
[2025-06-16 04:10:11] [INFO] User RikoHN not in group [57/72]
[2025-06-16 04:10:11] [INFO] User Irhamny already in group [58/72]
[2025-06-16 04:10:11] [INFO] User aaususshsu not in group [59/72]
[2025-06-16 04:10:11] [INFO] User chlk24 already in group [60/72]
[2025-06-16 04:10:40] [INFO] User ririn_0879 not in group [61/72]
[2025-06-16 04:10:40] [INFO] User agsaiii not in group [62/72]
[2025-06-16 04:10:40] [INFO] User Promisenewera not in group [63/72]
[2025-06-16 04:10:40] [INFO] User ptrxyz07 not in group [64/72]
[2025-06-16 04:10:40] [INFO] User Everydaylatte21 not in group [65/72]
[2025-06-16 04:10:40] [INFO] User Marunang1501 already in group [66/72]
[2025-06-16 04:10:40] [INFO] User Chris_Ha already in group [67/72]
[2025-06-16 04:10:40] [INFO] User KAHAR083 not in group [68/72]
[2025-06-16 04:10:40] [INFO] User parklanddd not in group [69/72]
[2025-06-16 04:10:40] [INFO] User fifinas not in group [70/72]
[2025-06-16 04:10:41] [INFO] User Diale_666 not in group [71/72]
[2025-06-16 04:10:41] [INFO] User wrongghost_07 not in group [72/72]
[2025-06-16 04:10:41] [SUMMARY] {'Total Members': 72, 'Total Checked': 72, 'Not in Group': 51, 'In Group': 21, 'Result File': 'output/investartforum_1684_filtered_20250616_041041.csv'}
